
*** Running vivado
    with args -log top_timer.vds -m64 -product Vivado -mode batch -messageDb vivado.pb -notrace -source top_timer.tcl



****** Vivado v2024.1.2 (64-bit)
  **** SW Build 5164865 on Thu Sep  5 14:37:11 MDT 2024
  **** IP Build 5164407 on Fri Sep  6 08:18:11 MDT 2024
  **** SharedData Build 5164864 on Thu Sep 05 13:09:09 MDT 2024
  **** Start of session at: Tue Dec 17 13:26:12 2024
    ** Copyright 1986-2022 Xilinx, Inc. All Rights Reserved.
    ** Copyright 2022-2024 Advanced Micro Devices, Inc. All Rights Reserved.

source top_timer.tcl -notrace
create_project: Time (s): cpu = 00:00:07 ; elapsed = 00:00:07 . Memory (MB): peak = 532.020 ; gain = 172.301
Command: read_checkpoint -auto_incremental -incremental C:/Users/Usuario/Documents/GitHub/SED_BAF/TRABAJO/TRABAJO.srcs/utils_1/imports/synth_1/top_timer.dcp
INFO: [Vivado 12-5825] Read reference checkpoint from C:/Users/Usuario/Documents/GitHub/SED_BAF/TRABAJO/TRABAJO.srcs/utils_1/imports/synth_1/top_timer.dcp for incremental synthesis
INFO: [Vivado 12-7989] Please ensure there are no constraint changes
Command: synth_design -top top_timer -part xc7a100tcsg324-1
Starting synth_design
Attempting to get a license for feature 'Synthesis' and/or device 'xc7a100t'
INFO: [Common 17-349] Got license for feature 'Synthesis' and/or device 'xc7a100t'
INFO: [Device 21-403] Loading part xc7a100tcsg324-1
INFO: [Device 21-9227] Part: xc7a100tcsg324-1 does not have CEAM library.
INFO: [Designutils 20-5440] No compile time benefit to using incremental synthesis; A full resynthesis will be run
INFO: [Designutils 20-4379] Flow is switching to default flow due to incremental criteria not met. If you would like to alter this behaviour and have the flow terminate instead, please set the following parameter config_implementation {autoIncr.Synth.RejectBehavior Terminate}
INFO: [Synth 8-7079] Multithreading enabled for synth_design using a maximum of 2 processes.
INFO: [Synth 8-7078] Launching helper process for spawning children vivado processes
INFO: [Synth 8-7075] Helper process launched with PID 22848
---------------------------------------------------------------------------------
Starting RTL Elaboration : Time (s): cpu = 00:00:05 ; elapsed = 00:00:05 . Memory (MB): peak = 1401.492 ; gain = 448.852
---------------------------------------------------------------------------------
INFO: [Synth 8-638] synthesizing module 'top_timer' [C:/Users/Usuario/Documents/GitHub/SED_BAF/TRABAJO/TRABAJO.srcs/sources_1/new/top_timer.vhd:44]
	Parameter CLK_FREQ bound to: 50000000 - type: integer 
INFO: [Synth 8-3491] module 'fdivider' declared at 'C:/Users/Usuario/Documents/GitHub/SED_BAF/TRABAJO/TRABAJO.srcs/sources_1/new/fdivider.vhd:34' bound to instance 'Inst_fdivider' of component 'fdivider' [C:/Users/Usuario/Documents/GitHub/SED_BAF/TRABAJO/TRABAJO.srcs/sources_1/new/top_timer.vhd:95]
INFO: [Synth 8-638] synthesizing module 'fdivider' [C:/Users/Usuario/Documents/GitHub/SED_BAF/TRABAJO/TRABAJO.srcs/sources_1/new/fdivider.vhd:46]
	Parameter CLK_FREQ bound to: 50000000 - type: integer 
INFO: [Synth 8-256] done synthesizing module 'fdivider' (0#1) [C:/Users/Usuario/Documents/GitHub/SED_BAF/TRABAJO/TRABAJO.srcs/sources_1/new/fdivider.vhd:46]
	Parameter SIZE bound to: 9 - type: integer 
INFO: [Synth 8-3491] module 'counter' declared at 'C:/Users/Usuario/Documents/GitHub/SED_BAF/TRABAJO/TRABAJO.srcs/sources_1/new/dms_counter.vhd:6' bound to instance 'Inst_counterums' of component 'counter' [C:/Users/Usuario/Documents/GitHub/SED_BAF/TRABAJO/TRABAJO.srcs/sources_1/new/top_timer.vhd:106]
INFO: [Synth 8-638] synthesizing module 'counter' [C:/Users/Usuario/Documents/GitHub/SED_BAF/TRABAJO/TRABAJO.srcs/sources_1/new/dms_counter.vhd:20]
	Parameter SIZE bound to: 9 - type: integer 
INFO: [Synth 8-256] done synthesizing module 'counter' (0#1) [C:/Users/Usuario/Documents/GitHub/SED_BAF/TRABAJO/TRABAJO.srcs/sources_1/new/dms_counter.vhd:20]
	Parameter SIZE bound to: 9 - type: integer 
INFO: [Synth 8-3491] module 'counter' declared at 'C:/Users/Usuario/Documents/GitHub/SED_BAF/TRABAJO/TRABAJO.srcs/sources_1/new/dms_counter.vhd:6' bound to instance 'Inst_counterdms' of component 'counter' [C:/Users/Usuario/Documents/GitHub/SED_BAF/TRABAJO/TRABAJO.srcs/sources_1/new/top_timer.vhd:119]
	Parameter SIZE bound to: 9 - type: integer 
INFO: [Synth 8-3491] module 'counter' declared at 'C:/Users/Usuario/Documents/GitHub/SED_BAF/TRABAJO/TRABAJO.srcs/sources_1/new/dms_counter.vhd:6' bound to instance 'Inst_counterus' of component 'counter' [C:/Users/Usuario/Documents/GitHub/SED_BAF/TRABAJO/TRABAJO.srcs/sources_1/new/top_timer.vhd:132]
	Parameter SIZE bound to: 6 - type: integer 
INFO: [Synth 8-3491] module 'counter' declared at 'C:/Users/Usuario/Documents/GitHub/SED_BAF/TRABAJO/TRABAJO.srcs/sources_1/new/dms_counter.vhd:6' bound to instance 'Inst_counterds' of component 'counter' [C:/Users/Usuario/Documents/GitHub/SED_BAF/TRABAJO/TRABAJO.srcs/sources_1/new/top_timer.vhd:145]
INFO: [Synth 8-638] synthesizing module 'counter__parameterized2' [C:/Users/Usuario/Documents/GitHub/SED_BAF/TRABAJO/TRABAJO.srcs/sources_1/new/dms_counter.vhd:20]
	Parameter SIZE bound to: 6 - type: integer 
INFO: [Synth 8-256] done synthesizing module 'counter__parameterized2' (0#1) [C:/Users/Usuario/Documents/GitHub/SED_BAF/TRABAJO/TRABAJO.srcs/sources_1/new/dms_counter.vhd:20]
	Parameter SIZE bound to: 9 - type: integer 
INFO: [Synth 8-3491] module 'counter' declared at 'C:/Users/Usuario/Documents/GitHub/SED_BAF/TRABAJO/TRABAJO.srcs/sources_1/new/dms_counter.vhd:6' bound to instance 'Inst_counterumin' of component 'counter' [C:/Users/Usuario/Documents/GitHub/SED_BAF/TRABAJO/TRABAJO.srcs/sources_1/new/top_timer.vhd:158]
	Parameter SIZE bound to: 6 - type: integer 
INFO: [Synth 8-3491] module 'counter' declared at 'C:/Users/Usuario/Documents/GitHub/SED_BAF/TRABAJO/TRABAJO.srcs/sources_1/new/dms_counter.vhd:6' bound to instance 'Inst_counterdmin' of component 'counter' [C:/Users/Usuario/Documents/GitHub/SED_BAF/TRABAJO/TRABAJO.srcs/sources_1/new/top_timer.vhd:171]
	Parameter SIZE bound to: 24 - type: integer 
INFO: [Synth 8-3491] module 'hour_counter' declared at 'C:/Users/Usuario/Documents/GitHub/SED_BAF/TRABAJO/TRABAJO.srcs/sources_1/new/24_counter.vhd:27' bound to instance 'Inst_hour_counter' of component 'hour_counter' [C:/Users/Usuario/Documents/GitHub/SED_BAF/TRABAJO/TRABAJO.srcs/sources_1/new/top_timer.vhd:184]
INFO: [Synth 8-638] synthesizing module 'hour_counter' [C:/Users/Usuario/Documents/GitHub/SED_BAF/TRABAJO/TRABAJO.srcs/sources_1/new/24_counter.vhd:40]
	Parameter SIZE bound to: 24 - type: integer 
INFO: [Synth 8-256] done synthesizing module 'hour_counter' (0#1) [C:/Users/Usuario/Documents/GitHub/SED_BAF/TRABAJO/TRABAJO.srcs/sources_1/new/24_counter.vhd:40]
INFO: [Synth 8-256] done synthesizing module 'top_timer' (0#1) [C:/Users/Usuario/Documents/GitHub/SED_BAF/TRABAJO/TRABAJO.srcs/sources_1/new/top_timer.vhd:44]
---------------------------------------------------------------------------------
Finished RTL Elaboration : Time (s): cpu = 00:00:06 ; elapsed = 00:00:07 . Memory (MB): peak = 1512.301 ; gain = 559.660
---------------------------------------------------------------------------------
---------------------------------------------------------------------------------
Start Handling Custom Attributes
---------------------------------------------------------------------------------
---------------------------------------------------------------------------------
Finished Handling Custom Attributes : Time (s): cpu = 00:00:06 ; elapsed = 00:00:07 . Memory (MB): peak = 1512.301 ; gain = 559.660
---------------------------------------------------------------------------------
---------------------------------------------------------------------------------
Finished RTL Optimization Phase 1 : Time (s): cpu = 00:00:06 ; elapsed = 00:00:07 . Memory (MB): peak = 1512.301 ; gain = 559.660
---------------------------------------------------------------------------------
Netlist sorting complete. Time (s): cpu = 00:00:00 ; elapsed = 00:00:00.001 . Memory (MB): peak = 1512.301 ; gain = 0.000
INFO: [Project 1-570] Preparing netlist for logic optimization

Processing XDC Constraints
Initializing timing engine
Parsing XDC File [C:/Users/Usuario/Documents/GitHub/SED_BAF/TRABAJO/TRABAJO.srcs/constrs_1/imports/Vivado/Nexys-4-DDR-Master.xdc]
Finished Parsing XDC File [C:/Users/Usuario/Documents/GitHub/SED_BAF/TRABAJO/TRABAJO.srcs/constrs_1/imports/Vivado/Nexys-4-DDR-Master.xdc]
Completed Processing XDC Constraints

Netlist sorting complete. Time (s): cpu = 00:00:00 ; elapsed = 00:00:00 . Memory (MB): peak = 1614.141 ; gain = 0.000
INFO: [Project 1-111] Unisim Transformation Summary:
No Unisim elements were transformed.

Constraint Validation Runtime : Time (s): cpu = 00:00:00 ; elapsed = 00:00:00.003 . Memory (MB): peak = 1614.141 ; gain = 0.000
INFO: [Designutils 20-5440] No compile time benefit to using incremental synthesis; A full resynthesis will be run
INFO: [Designutils 20-4379] Flow is switching to default flow due to incremental criteria not met. If you would like to alter this behaviour and have the flow terminate instead, please set the following parameter config_implementation {autoIncr.Synth.RejectBehavior Terminate}
---------------------------------------------------------------------------------
Finished Constraint Validation : Time (s): cpu = 00:00:13 ; elapsed = 00:00:13 . Memory (MB): peak = 1614.141 ; gain = 661.500
---------------------------------------------------------------------------------
---------------------------------------------------------------------------------
Start Loading Part and Timing Information
---------------------------------------------------------------------------------
Loading part: xc7a100tcsg324-1
---------------------------------------------------------------------------------
Finished Loading Part and Timing Information : Time (s): cpu = 00:00:13 ; elapsed = 00:00:13 . Memory (MB): peak = 1614.141 ; gain = 661.500
---------------------------------------------------------------------------------
---------------------------------------------------------------------------------
Start Applying 'set_property' XDC Constraints
---------------------------------------------------------------------------------
---------------------------------------------------------------------------------
Finished applying 'set_property' XDC Constraints : Time (s): cpu = 00:00:13 ; elapsed = 00:00:13 . Memory (MB): peak = 1614.141 ; gain = 661.500
---------------------------------------------------------------------------------
---------------------------------------------------------------------------------
Finished RTL Optimization Phase 2 : Time (s): cpu = 00:00:13 ; elapsed = 00:00:14 . Memory (MB): peak = 1614.141 ; gain = 661.500
---------------------------------------------------------------------------------
---------------------------------------------------------------------------------
Start RTL Component Statistics 
---------------------------------------------------------------------------------
Detailed RTL Component Info : 
+---Adders : 
	   2 Input   16 Bit       Adders := 1     
	   2 Input    8 Bit       Adders := 1     
	   2 Input    4 Bit       Adders := 6     
+---Registers : 
	               16 Bit    Registers := 1     
	                8 Bit    Registers := 1     
	                4 Bit    Registers := 6     
	                1 Bit    Registers := 7     
+---Muxes : 
	   2 Input    8 Bit        Muxes := 2     
	   3 Input    8 Bit        Muxes := 1     
	   2 Input    4 Bit        Muxes := 18    
	   3 Input    4 Bit        Muxes := 6     
	   2 Input    1 Bit        Muxes := 6     
---------------------------------------------------------------------------------
Finished RTL Component Statistics 
---------------------------------------------------------------------------------
---------------------------------------------------------------------------------
Start Part Resource Summary
---------------------------------------------------------------------------------
Part Resources:
DSPs: 240 (col length:80)
BRAMs: 270 (col length: RAMB18 80 RAMB36 40)
---------------------------------------------------------------------------------
Finished Part Resource Summary
---------------------------------------------------------------------------------
---------------------------------------------------------------------------------
Start Cross Boundary and Area Optimization
---------------------------------------------------------------------------------
WARNING: [Synth 8-7080] Parallel synthesis criteria is not met
---------------------------------------------------------------------------------
Finished Cross Boundary and Area Optimization : Time (s): cpu = 00:00:15 ; elapsed = 00:00:16 . Memory (MB): peak = 1614.141 ; gain = 661.500
---------------------------------------------------------------------------------
---------------------------------------------------------------------------------
Start Applying XDC Timing Constraints
---------------------------------------------------------------------------------
---------------------------------------------------------------------------------
Finished Applying XDC Timing Constraints : Time (s): cpu = 00:00:20 ; elapsed = 00:00:21 . Memory (MB): peak = 1614.141 ; gain = 661.500
---------------------------------------------------------------------------------
---------------------------------------------------------------------------------
Start Timing Optimization
---------------------------------------------------------------------------------
---------------------------------------------------------------------------------
Finished Timing Optimization : Time (s): cpu = 00:00:21 ; elapsed = 00:00:21 . Memory (MB): peak = 1614.141 ; gain = 661.500
---------------------------------------------------------------------------------
---------------------------------------------------------------------------------
Start Technology Mapping
---------------------------------------------------------------------------------
---------------------------------------------------------------------------------
Finished Technology Mapping : Time (s): cpu = 00:00:21 ; elapsed = 00:00:21 . Memory (MB): peak = 1614.141 ; gain = 661.500
---------------------------------------------------------------------------------
---------------------------------------------------------------------------------
Start IO Insertion
---------------------------------------------------------------------------------
---------------------------------------------------------------------------------
Start Flattening Before IO Insertion
---------------------------------------------------------------------------------
---------------------------------------------------------------------------------
Finished Flattening Before IO Insertion
---------------------------------------------------------------------------------
---------------------------------------------------------------------------------
Start Final Netlist Cleanup
---------------------------------------------------------------------------------
---------------------------------------------------------------------------------
Finished Final Netlist Cleanup
---------------------------------------------------------------------------------
---------------------------------------------------------------------------------
Finished IO Insertion : Time (s): cpu = 00:00:24 ; elapsed = 00:00:25 . Memory (MB): peak = 1614.141 ; gain = 661.500
---------------------------------------------------------------------------------
---------------------------------------------------------------------------------
Start Renaming Generated Instances
---------------------------------------------------------------------------------
---------------------------------------------------------------------------------
Finished Renaming Generated Instances : Time (s): cpu = 00:00:24 ; elapsed = 00:00:25 . Memory (MB): peak = 1614.141 ; gain = 661.500
---------------------------------------------------------------------------------
---------------------------------------------------------------------------------
Start Rebuilding User Hierarchy
---------------------------------------------------------------------------------
---------------------------------------------------------------------------------
Finished Rebuilding User Hierarchy : Time (s): cpu = 00:00:24 ; elapsed = 00:00:25 . Memory (MB): peak = 1614.141 ; gain = 661.500
---------------------------------------------------------------------------------
---------------------------------------------------------------------------------
Start Renaming Generated Ports
---------------------------------------------------------------------------------
---------------------------------------------------------------------------------
Finished Renaming Generated Ports : Time (s): cpu = 00:00:24 ; elapsed = 00:00:25 . Memory (MB): peak = 1614.141 ; gain = 661.500
---------------------------------------------------------------------------------
---------------------------------------------------------------------------------
Start Handling Custom Attributes
---------------------------------------------------------------------------------
---------------------------------------------------------------------------------
Finished Handling Custom Attributes : Time (s): cpu = 00:00:24 ; elapsed = 00:00:25 . Memory (MB): peak = 1614.141 ; gain = 661.500
---------------------------------------------------------------------------------
---------------------------------------------------------------------------------
Start Renaming Generated Nets
---------------------------------------------------------------------------------
---------------------------------------------------------------------------------
Finished Renaming Generated Nets : Time (s): cpu = 00:00:24 ; elapsed = 00:00:25 . Memory (MB): peak = 1614.141 ; gain = 661.500
---------------------------------------------------------------------------------
---------------------------------------------------------------------------------
Start Writing Synthesis Report
---------------------------------------------------------------------------------

Report BlackBoxes: 
+-+--------------+----------+
| |BlackBox name |Instances |
+-+--------------+----------+
+-+--------------+----------+

Report Cell Usage: 
+------+-------+------+
|      |Cell   |Count |
+------+-------+------+
|1     |BUFG   |     1|
|2     |CARRY4 |     4|
|3     |LUT1   |    18|
|4     |LUT2   |    12|
|5     |LUT3   |    21|
|6     |LUT4   |    17|
|7     |LUT5   |    33|
|8     |LUT6   |    15|
|9     |FDCE   |    40|
|10    |FDPE   |     9|
|11    |FDRE   |    39|
|12    |IBUF   |     4|
|13    |IOBUF  |    32|
+------+-------+------+
---------------------------------------------------------------------------------
Finished Writing Synthesis Report : Time (s): cpu = 00:00:24 ; elapsed = 00:00:25 . Memory (MB): peak = 1614.141 ; gain = 661.500
---------------------------------------------------------------------------------
Synthesis finished with 0 errors, 0 critical warnings and 1 warnings.
Synthesis Optimization Runtime : Time (s): cpu = 00:00:17 ; elapsed = 00:00:24 . Memory (MB): peak = 1614.141 ; gain = 559.660
Synthesis Optimization Complete : Time (s): cpu = 00:00:25 ; elapsed = 00:00:25 . Memory (MB): peak = 1614.141 ; gain = 661.500
INFO: [Project 1-571] Translating synthesized netlist
Netlist sorting complete. Time (s): cpu = 00:00:00 ; elapsed = 00:00:00.002 . Memory (MB): peak = 1614.141 ; gain = 0.000
INFO: [Netlist 29-17] Analyzing 36 Unisim elements for replacement
INFO: [Netlist 29-28] Unisim Transformation completed in 0 CPU seconds
INFO: [Project 1-570] Preparing netlist for logic optimization
INFO: [Opt 31-138] Pushed 0 inverter(s) to 0 load pin(s).
Netlist sorting complete. Time (s): cpu = 00:00:00 ; elapsed = 00:00:00 . Memory (MB): peak = 1614.141 ; gain = 0.000
INFO: [Project 1-111] Unisim Transformation Summary:
  A total of 32 instances were transformed.
  IOBUF => IOBUF (IBUF, OBUFT): 32 instances

Synth Design complete | Checksum: 113543a3
INFO: [Common 17-83] Releasing license: Synthesis
39 Infos, 1 Warnings, 0 Critical Warnings and 0 Errors encountered.
synth_design completed successfully
synth_design: Time (s): cpu = 00:00:29 ; elapsed = 00:00:31 . Memory (MB): peak = 1614.141 ; gain = 1071.117
Write ShapeDB Complete: Time (s): cpu = 00:00:00 ; elapsed = 00:00:00.001 . Memory (MB): peak = 1614.141 ; gain = 0.000
INFO: [Common 17-1381] The checkpoint 'C:/Users/Usuario/Documents/GitHub/SED_BAF/TRABAJO/TRABAJO.runs/synth_1/top_timer.dcp' has been generated.
INFO: [Vivado 12-24828] Executing command : report_utilization -file top_timer_utilization_synth.rpt -pb top_timer_utilization_synth.pb
INFO: [Common 17-206] Exiting Vivado at Tue Dec 17 13:26:53 2024...
