#-----------------------------------------------------------
# Vivado v2024.1 (64-bit)
# SW Build 5076996 on Wed May 22 18:37:14 MDT 2024
# IP Build 5075265 on Wed May 22 21:45:21 MDT 2024
# SharedData Build 5076995 on Wed May 22 18:29:18 MDT 2024
# Start of session at: Mon Dec 16 12:57:30 2024
# Process ID: 38836
# Current directory: C:/Users/ferni/OneDrive/Documentos/GitHub/SED_BAF/TRABAJO
# Command line: vivado.exe -gui_launcher_event rodinguilauncherevent37496 C:\Users\ferni\OneDrive\Documentos\GitHub\SED_BAF\TRABAJO\TRABAJO.xpr
# Log file: C:/Users/ferni/OneDrive/Documentos/GitHub/SED_BAF/TRABAJO/vivado.log
# Journal file: C:/Users/ferni/OneDrive/Documentos/GitHub/SED_BAF/TRABAJO\vivado.jou
# Running On        :LAPTOP-SHFQCREU
# Platform          :Windows Server 2016 or Windows 10
# Operating System  :22631
# Processor Detail  :Intel(R) Core(TM) i7-10870H CPU @ 2.20GHz
# CPU Frequency     :2208 MHz
# CPU Physical cores:8
# CPU Logical cores :16
# Host memory       :68493 MB
# Swap memory       :4294 MB
# Total Virtual     :72788 MB
# Available Virtual :53517 MB
#-----------------------------------------------------------
start_gui
open_project C:/Users/ferni/OneDrive/Documentos/GitHub/SED_BAF/TRABAJO/TRABAJO.xpr
WARNING: [Board 49-26] cannot add Board Part digilentinc.com:arty-s7-25:part0:1.1 available at C:/Xilinx/Vivado/2024.1/data/boards/board_files/arty-s7-25/E.0/board.xml as part xc7s25csga324-1 specified in board_part file is either invalid or not available
WARNING: [Board 49-26] cannot add Board Part digilentinc.com:arty-s7-50:part0:1.1 available at C:/Xilinx/Vivado/2024.1/data/boards/board_files/arty-s7-50/B.0/board.xml as part xc7s50csga324-1 specified in board_part file is either invalid or not available
WARNING: [Board 49-26] cannot add Board Part digilentinc.com:arty-z7-10:part0:1.1 available at C:/Xilinx/Vivado/2024.1/data/boards/board_files/arty-z7-10/A.0/board.xml as part xc7z010clg400-1 specified in board_part file is either invalid or not available
WARNING: [Board 49-26] cannot add Board Part digilentinc.com:arty-z7-20:part0:1.1 available at C:/Xilinx/Vivado/2024.1/data/boards/board_files/arty-z7-20/A.0/board.xml as part xc7z020clg400-1 specified in board_part file is either invalid or not available
WARNING: [Board 49-26] cannot add Board Part digilentinc.com:cmod-s7-25:part0:1.0 available at C:/Xilinx/Vivado/2024.1/data/boards/board_files/cmod-s7-25/B.0/board.xml as part xc7s25csga225-1 specified in board_part file is either invalid or not available
WARNING: [Board 49-26] cannot add Board Part digilentinc.com:cora-z7-07s:part0:1.1 available at C:/Xilinx/Vivado/2024.1/data/boards/board_files/cora-z7-07s/B.0/board.xml as part xc7z007sclg400-1 specified in board_part file is either invalid or not available
WARNING: [Board 49-26] cannot add Board Part digilentinc.com:cora-z7-10:part0:1.1 available at C:/Xilinx/Vivado/2024.1/data/boards/board_files/cora-z7-10/B.0/board.xml as part xc7z010clg400-1 specified in board_part file is either invalid or not available
WARNING: [Board 49-26] cannot add Board Part digilentinc.com:eclypse-z7:part0:1.0 available at C:/Xilinx/Vivado/2024.1/data/boards/board_files/eclypse-z7/A.0/board.xml as part xc7z020clg484-1 specified in board_part file is either invalid or not available
WARNING: [Board 49-26] cannot add Board Part digilentinc.com:eclypse-z7:part0:1.1 available at C:/Xilinx/Vivado/2024.1/data/boards/board_files/eclypse-z7/B.0/board.xml as part xc7z020clg484-1 specified in board_part file is either invalid or not available
WARNING: [Board 49-26] cannot add Board Part digilentinc.com:genesys2:part0:1.1 available at C:/Xilinx/Vivado/2024.1/data/boards/board_files/genesys2/H/board.xml as part xc7k325tffg900-2 specified in board_part file is either invalid or not available
WARNING: [Board 49-26] cannot add Board Part digilentinc.com:gzu_3eg:part0:1.0 available at C:/Xilinx/Vivado/2024.1/data/boards/board_files/genesys-zu-3eg/B.0/board.xml as part xczu3eg-sfvc784-1-e specified in board_part file is either invalid or not available
WARNING: [Board 49-26] cannot add Board Part digilentinc.com:gzu_3eg:part0:1.1 available at C:/Xilinx/Vivado/2024.1/data/boards/board_files/genesys-zu-3eg/D.0/board.xml as part xczu3eg-sfvc784-1-e specified in board_part file is either invalid or not available
WARNING: [Board 49-26] cannot add Board Part digilentinc.com:gzu_5ev:part0:1.1 available at C:/Xilinx/Vivado/2024.1/data/boards/board_files/genesys-zu-5ev/C.0/board.xml as part xczu5ev-sfvc784-1-e specified in board_part file is either invalid or not available
WARNING: [Board 49-26] cannot add Board Part digilentinc.com:sword:part0:1.0 available at C:/Xilinx/Vivado/2024.1/data/boards/board_files/sword/C.0/board.xml as part xc7k325tffg900-2 specified in board_part file is either invalid or not available
WARNING: [Board 49-26] cannot add Board Part digilentinc.com:zedboard:part0:1.1 available at C:/Xilinx/Vivado/2024.1/data/boards/board_files/zedboard/1.3/board.xml as part xc7z020clg484-1 specified in board_part file is either invalid or not available
WARNING: [Board 49-26] cannot add Board Part digilentinc.com:zybo-z7-10:part0:1.2 available at C:/Xilinx/Vivado/2024.1/data/boards/board_files/zybo-z7-10/A.0/board.xml as part xc7z010clg400-1 specified in board_part file is either invalid or not available
WARNING: [Board 49-26] cannot add Board Part digilentinc.com:zybo-z7-20:part0:1.2 available at C:/Xilinx/Vivado/2024.1/data/boards/board_files/zybo-z7-20/A.0/board.xml as part xc7z020clg400-1 specified in board_part file is either invalid or not available
WARNING: [Board 49-26] cannot add Board Part digilentinc.com:zybo:part0:1.0 available at C:/Xilinx/Vivado/2024.1/data/boards/board_files/zybo/B.3/board.xml as part xc7z010clg400-1 specified in board_part file is either invalid or not available
WARNING: [Board 49-26] cannot add Board Part digilentinc.com:zybo:part0:2.0 available at C:/Xilinx/Vivado/2024.1/data/boards/board_files/zybo/B.4/board.xml as part xc7z010clg400-1 specified in board_part file is either invalid or not available
WARNING: [Board 49-26] cannot add Board Part xilinx.com:k24c:part0:1.0 available at C:/Xilinx/Vivado/2024.1/data/xhub/boards/XilinxBoardStore/boards/Xilinx/k24c/1.0/board.xml as part xck24-ubva530-2lv-c specified in board_part file is either invalid or not available
WARNING: [Board 49-26] cannot add Board Part xilinx.com:k24i:part0:1.0 available at C:/Xilinx/Vivado/2024.1/data/xhub/boards/XilinxBoardStore/boards/Xilinx/k24i/1.0/board.xml as part xck24-ubva530-2lvi-i specified in board_part file is either invalid or not available
WARNING: [Board 49-26] cannot add Board Part xilinx.com:k26c:part0:1.2 available at C:/Xilinx/Vivado/2024.1/data/xhub/boards/XilinxBoardStore/boards/Xilinx/k26c/1.2/board.xml as part xck26-sfvc784-2lv-c specified in board_part file is either invalid or not available
WARNING: [Board 49-26] cannot add Board Part xilinx.com:k26c:part0:1.3 available at C:/Xilinx/Vivado/2024.1/data/xhub/boards/XilinxBoardStore/boards/Xilinx/k26c/1.3/board.xml as part xck26-sfvc784-2lv-c specified in board_part file is either invalid or not available
WARNING: [Board 49-26] cannot add Board Part xilinx.com:k26c:part0:1.4 available at C:/Xilinx/Vivado/2024.1/data/xhub/boards/XilinxBoardStore/boards/Xilinx/k26c/1.4/board.xml as part xck26-sfvc784-2lv-c specified in board_part file is either invalid or not available
WARNING: [Board 49-26] cannot add Board Part xilinx.com:k26i:part0:1.2 available at C:/Xilinx/Vivado/2024.1/data/xhub/boards/XilinxBoardStore/boards/Xilinx/k26i/1.2/board.xml as part xck26-sfvc784-2lvi-i specified in board_part file is either invalid or not available
WARNING: [Board 49-26] cannot add Board Part xilinx.com:k26i:part0:1.3 available at C:/Xilinx/Vivado/2024.1/data/xhub/boards/XilinxBoardStore/boards/Xilinx/k26i/1.3/board.xml as part xck26-sfvc784-2lvi-i specified in board_part file is either invalid or not available
WARNING: [Board 49-26] cannot add Board Part xilinx.com:k26i:part0:1.4 available at C:/Xilinx/Vivado/2024.1/data/xhub/boards/XilinxBoardStore/boards/Xilinx/k26i/1.4/board.xml as part xck26-sfvc784-2lvi-i specified in board_part file is either invalid or not available
WARNING: [Board 49-26] cannot add Board Part xilinx.com:kc705:part0:1.6 available at C:/Xilinx/Vivado/2024.1/data/xhub/boards/XilinxBoardStore/boards/Xilinx/kc705/1.6/board.xml as part xc7k325tffg900-2 specified in board_part file is either invalid or not available
WARNING: [Board 49-26] cannot add Board Part xilinx.com:kcu105:part0:1.6 available at C:/Xilinx/Vivado/2024.1/data/xhub/boards/XilinxBoardStore/boards/Xilinx/kcu105/1.6/board.xml as part xcku040-ffva1156-2-e specified in board_part file is either invalid or not available
WARNING: [Board 49-26] cannot add Board Part xilinx.com:kcu105:part0:1.7 available at C:/Xilinx/Vivado/2024.1/data/xhub/boards/XilinxBoardStore/boards/Xilinx/kcu105/1.7/board.xml as part xcku040-ffva1156-2-e specified in board_part file is either invalid or not available
WARNING: [Board 49-26] cannot add Board Part xilinx.com:kcu116:part0:1.4 available at C:/Xilinx/Vivado/2024.1/data/xhub/boards/XilinxBoardStore/boards/Xilinx/kcu116/1.4/board.xml as part xcku5p-ffvb676-2-e specified in board_part file is either invalid or not available
WARNING: [Board 49-26] cannot add Board Part xilinx.com:kcu116:part0:1.5 available at C:/Xilinx/Vivado/2024.1/data/xhub/boards/XilinxBoardStore/boards/Xilinx/kcu116/1.5/board.xml as part xcku5p-ffvb676-2-e specified in board_part file is either invalid or not available
WARNING: [Board 49-26] cannot add Board Part xilinx.com:kcu1500:part0:1.2 available at C:/Xilinx/Vivado/2024.1/data/xhub/boards/XilinxBoardStore/boards/Xilinx/kcu1500/1.2/board.xml as part xcku115-flvb2104-2-e specified in board_part file is either invalid or not available
WARNING: [Board 49-26] cannot add Board Part xilinx.com:kd240_som:part0:1.0 available at C:/Xilinx/Vivado/2024.1/data/xhub/boards/XilinxBoardStore/boards/Xilinx/kd240_som/1.0/board.xml as part xck24-ubva530-2lv-c specified in board_part file is either invalid or not available
WARNING: [Board 49-26] cannot add Board Part xilinx.com:kr260_som:part0:1.0 available at C:/Xilinx/Vivado/2024.1/data/xhub/boards/XilinxBoardStore/boards/Xilinx/kr260_som/1.0/board.xml as part xck26-sfvc784-2lv-c specified in board_part file is either invalid or not available
WARNING: [Board 49-26] cannot add Board Part xilinx.com:kr260_som:part0:1.1 available at C:/Xilinx/Vivado/2024.1/data/xhub/boards/XilinxBoardStore/boards/Xilinx/kr260_som/1.1/board.xml as part xck26-sfvc784-2lv-c specified in board_part file is either invalid or not available
WARNING: [Board 49-26] cannot add Board Part xilinx.com:kv260_som:part0:1.2 available at C:/Xilinx/Vivado/2024.1/data/xhub/boards/XilinxBoardStore/boards/Xilinx/kv260_som/1.2/board.xml as part xck26-sfvc784-2lv-c specified in board_part file is either invalid or not available
WARNING: [Board 49-26] cannot add Board Part xilinx.com:kv260_som:part0:1.3 available at C:/Xilinx/Vivado/2024.1/data/xhub/boards/XilinxBoardStore/boards/Xilinx/kv260_som/1.3/board.xml as part xck26-sfvc784-2lv-c specified in board_part file is either invalid or not available
WARNING: [Board 49-26] cannot add Board Part xilinx.com:kv260_som:part0:1.4 available at C:/Xilinx/Vivado/2024.1/data/xhub/boards/XilinxBoardStore/boards/Xilinx/kv260_som/1.4/board.xml as part xck26-sfvc784-2lv-c specified in board_part file is either invalid or not available
WARNING: [Board 49-26] cannot add Board Part xilinx.com:sp701:part0:1.0 available at C:/Xilinx/Vivado/2024.1/data/xhub/boards/XilinxBoardStore/boards/Xilinx/sp701/1.0/board.xml as part xc7s100fgga676-2 specified in board_part file is either invalid or not available
WARNING: [Board 49-26] cannot add Board Part xilinx.com:sp701:part0:1.1 available at C:/Xilinx/Vivado/2024.1/data/xhub/boards/XilinxBoardStore/boards/Xilinx/sp701/1.1/board.xml as part xc7s100fgga676-2 specified in board_part file is either invalid or not available
WARNING: [Board 49-26] cannot add Board Part xilinx.com:vc707:part0:1.4 available at C:/Xilinx/Vivado/2024.1/data/xhub/boards/XilinxBoardStore/boards/Xilinx/vc707/1.4/board.xml as part xc7vx485tffg1761-2 specified in board_part file is either invalid or not available
WARNING: [Board 49-26] cannot add Board Part xilinx.com:vc709:part0:1.8 available at C:/Xilinx/Vivado/2024.1/data/xhub/boards/XilinxBoardStore/boards/Xilinx/vc709/1.8/board.xml as part xc7vx690tffg1761-2 specified in board_part file is either invalid or not available
WARNING: [Board 49-26] cannot add Board Part xilinx.com:vck190:part0:2.2 available at C:/Xilinx/Vivado/2024.1/data/xhub/boards/XilinxBoardStore/boards/Xilinx/vck190/production/2.2/board.xml as part xcvc1902-vsva2197-2mp-e-s specified in board_part file is either invalid or not available
WARNING: [Board 49-26] cannot add Board Part xilinx.com:vck190:part0:3.0 available at C:/Xilinx/Vivado/2024.1/data/xhub/boards/XilinxBoardStore/boards/Xilinx/vck190/production/3.0/board.xml as part xcvc1902-vsva2197-2mp-e-s specified in board_part file is either invalid or not available
WARNING: [Board 49-26] cannot add Board Part xilinx.com:vck190:part0:3.1 available at C:/Xilinx/Vivado/2024.1/data/xhub/boards/XilinxBoardStore/boards/Xilinx/vck190/production/3.1/board.xml as part xcvc1902-vsva2197-2mp-e-s specified in board_part file is either invalid or not available
WARNING: [Board 49-26] cannot add Board Part xilinx.com:vck190:part0:3.2 available at C:/Xilinx/Vivado/2024.1/data/xhub/boards/XilinxBoardStore/boards/Xilinx/vck190/production/3.2/board.xml as part xcvc1902-vsva2197-2mp-e-s specified in board_part file is either invalid or not available
WARNING: [Board 49-26] cannot add Board Part xilinx.com:vck190:part0:3.3 available at C:/Xilinx/Vivado/2024.1/data/xhub/boards/XilinxBoardStore/boards/Xilinx/vck190/production/3.3/board.xml as part xcvc1902-vsva2197-2mp-e-s specified in board_part file is either invalid or not available
WARNING: [Board 49-26] cannot add Board Part xilinx.com:vck190_newl:part0:1.0 available at C:/Xilinx/Vivado/2024.1/data/xhub/boards/XilinxBoardStore/boards/Xilinx/vck190_newl/production/1.0/board.xml as part xcvc1902-vsva2197-2mp-e-s specified in board_part file is either invalid or not available
WARNING: [Board 49-26] cannot add Board Part xilinx.com:vck190_newl:part0:1.1 available at C:/Xilinx/Vivado/2024.1/data/xhub/boards/XilinxBoardStore/boards/Xilinx/vck190_newl/production/1.1/board.xml as part xcvc1902-vsva2197-2mp-e-s specified in board_part file is either invalid or not available
WARNING: [Board 49-26] cannot add Board Part xilinx.com:vck190_newl:part0:1.2 available at C:/Xilinx/Vivado/2024.1/data/xhub/boards/XilinxBoardStore/boards/Xilinx/vck190_newl/production/1.2/board.xml as part xcvc1902-vsva2197-2mp-e-s specified in board_part file is either invalid or not available
WARNING: [Board 49-26] cannot add Board Part xilinx.com:vcu108:part0:1.6 available at C:/Xilinx/Vivado/2024.1/data/xhub/boards/XilinxBoardStore/boards/Xilinx/vcu108/1.6/board.xml as part xcvu095-ffva2104-2-e specified in board_part file is either invalid or not available
WARNING: [Board 49-26] cannot add Board Part xilinx.com:vcu108:part0:1.7 available at C:/Xilinx/Vivado/2024.1/data/xhub/boards/XilinxBoardStore/boards/Xilinx/vcu108/1.7/board.xml as part xcvu095-ffva2104-2-e specified in board_part file is either invalid or not available
WARNING: [Board 49-26] cannot add Board Part xilinx.com:vcu110:part0:1.4 available at C:/Xilinx/Vivado/2024.1/data/xhub/boards/XilinxBoardStore/boards/Xilinx/vcu110/1.4/board.xml as part xcvu190-flgc2104-2-e specified in board_part file is either invalid or not available
WARNING: [Board 49-26] cannot add Board Part xilinx.com:vcu118:part0:2.0 available at C:/Xilinx/Vivado/2024.1/data/xhub/boards/XilinxBoardStore/boards/Xilinx/vcu118/2.0/board.xml as part xcvu9p-flga2104-2l-e specified in board_part file is either invalid or not available
WARNING: [Board 49-26] cannot add Board Part xilinx.com:vcu118:part0:2.3 available at C:/Xilinx/Vivado/2024.1/data/xhub/boards/XilinxBoardStore/boards/Xilinx/vcu118/2.3/board.xml as part xcvu9p-flga2104-2l-e specified in board_part file is either invalid or not available
WARNING: [Board 49-26] cannot add Board Part xilinx.com:vcu118:part0:2.4 available at C:/Xilinx/Vivado/2024.1/data/xhub/boards/XilinxBoardStore/boards/Xilinx/vcu118/2.4/board.xml as part xcvu9p-flga2104-2l-e specified in board_part file is either invalid or not available
WARNING: [Board 49-26] cannot add Board Part xilinx.com:vcu128:part0:1.0 available at C:/Xilinx/Vivado/2024.1/data/xhub/boards/XilinxBoardStore/boards/Xilinx/vcu128/production/1.0/board.xml as part xcvu37p-fsvh2892-2l-e specified in board_part file is either invalid or not available
WARNING: [Board 49-26] cannot add Board Part xilinx.com:vcu129:part0:1.0 available at C:/Xilinx/Vivado/2024.1/data/xhub/boards/XilinxBoardStore/boards/Xilinx/vcu129/production/1.0/board.xml as part xcvu29p-fsga2577-2l-e specified in board_part file is either invalid or not available
WARNING: [Board 49-26] cannot add Board Part xilinx.com:vcu1525:part0:1.3 available at C:/Xilinx/Vivado/2024.1/data/xhub/boards/XilinxBoardStore/boards/Xilinx/vcu1525/1.3/board.xml as part xcvu9p-fsgd2104-2l-e specified in board_part file is either invalid or not available
WARNING: [Board 49-26] cannot add Board Part xilinx.com:vek280:part0:1.0 available at C:/Xilinx/Vivado/2024.1/data/xhub/boards/XilinxBoardStore/boards/Xilinx/vek280/production/1.0/board.xml as part xcve2802-vsvh1760-2mp-e-s specified in board_part file is either invalid or not available
WARNING: [Board 49-26] cannot add Board Part xilinx.com:vek280:part0:1.1 available at C:/Xilinx/Vivado/2024.1/data/xhub/boards/XilinxBoardStore/boards/Xilinx/vek280/production/1.1/board.xml as part xcve2802-vsvh1760-2mp-e-s specified in board_part file is either invalid or not available
WARNING: [Board 49-26] cannot add Board Part xilinx.com:vek280:part0:1.2 available at C:/Xilinx/Vivado/2024.1/data/xhub/boards/XilinxBoardStore/boards/Xilinx/vek280/production/1.2/board.xml as part xcve2802-vsvh1760-2mp-e-s specified in board_part file is either invalid or not available
WARNING: [Board 49-26] cannot add Board Part xilinx.com:vek280_es:part0:1.0 available at C:/Xilinx/Vivado/2024.1/data/xhub/boards/XilinxBoardStore/boards/Xilinx/vek280/es/rev_a/1.0/board.xml as part xcve2802-vsvh1760-2lp-e-s-es1 specified in board_part file is either invalid or not available
WARNING: [Board 49-26] cannot add Board Part xilinx.com:vek280_es:part0:1.1 available at C:/Xilinx/Vivado/2024.1/data/xhub/boards/XilinxBoardStore/boards/Xilinx/vek280/es/rev_a/1.1/board.xml as part xcve2802-vsvh1760-2lp-e-s-es1 specified in board_part file is either invalid or not available
WARNING: [Board 49-26] cannot add Board Part xilinx.com:vek280_es_revb:part0:1.0 available at C:/Xilinx/Vivado/2024.1/data/xhub/boards/XilinxBoardStore/boards/Xilinx/vek280/es/rev_b/1.0/board.xml as part xcve2802-vsvh1760-2mp-e-s-es1 specified in board_part file is either invalid or not available
WARNING: [Board 49-26] cannot add Board Part xilinx.com:vek280_es_revb:part0:1.1 available at C:/Xilinx/Vivado/2024.1/data/xhub/boards/XilinxBoardStore/boards/Xilinx/vek280/es/rev_b/1.1/board.xml as part xcve2802-vsvh1760-2mp-e-s-es1 specified in board_part file is either invalid or not available
WARNING: [Board 49-26] cannot add Board Part xilinx.com:vermeo_t1_mpsoc:part0:1.0 available at C:/Xilinx/Vivado/2024.1/data/xhub/boards/XilinxBoardStore/boards/Xilinx/vermeo_t1_mpsoc/1.0/board.xml as part xczu19eg-ffvd1760-2l-e specified in board_part file is either invalid or not available
WARNING: [Board 49-26] cannot add Board Part xilinx.com:vermeo_t1_rfsoc:part0:1.0 available at C:/Xilinx/Vivado/2024.1/data/xhub/boards/XilinxBoardStore/boards/Xilinx/vermeo_t1_rfsoc/1.0/board.xml as part xczu21dr-ffvd1156-2l-e specified in board_part file is either invalid or not available
WARNING: [Board 49-26] cannot add Board Part xilinx.com:vhk158:part0:1.0 available at C:/Xilinx/Vivado/2024.1/data/xhub/boards/XilinxBoardStore/boards/Xilinx/vhk158/production/1.0/board.xml as part xcvh1582-vsva3697-2mp-e-s specified in board_part file is either invalid or not available
WARNING: [Board 49-26] cannot add Board Part xilinx.com:vhk158:part0:1.1 available at C:/Xilinx/Vivado/2024.1/data/xhub/boards/XilinxBoardStore/boards/Xilinx/vhk158/production/1.1/board.xml as part xcvh1582-vsva3697-2mp-e-s specified in board_part file is either invalid or not available
WARNING: [Board 49-26] cannot add Board Part xilinx.com:vhk158_es:part0:1.0 available at C:/Xilinx/Vivado/2024.1/data/xhub/boards/XilinxBoardStore/boards/Xilinx/vhk158/es/1.0/board.xml as part xcvh1582-vsva3697-2mp-e-s-es1 specified in board_part file is either invalid or not available
WARNING: [Board 49-26] cannot add Board Part xilinx.com:vhk158_es:part0:1.1 available at C:/Xilinx/Vivado/2024.1/data/xhub/boards/XilinxBoardStore/boards/Xilinx/vhk158/es/1.1/board.xml as part xcvh1582-vsva3697-2mp-e-s-es1 specified in board_part file is either invalid or not available
WARNING: [Board 49-26] cannot add Board Part xilinx.com:vmk180:part0:2.2 available at C:/Xilinx/Vivado/2024.1/data/xhub/boards/XilinxBoardStore/boards/Xilinx/vmk180/production/2.2/board.xml as part xcvm1802-vsva2197-2mp-e-s specified in board_part file is either invalid or not available
WARNING: [Board 49-26] cannot add Board Part xilinx.com:vmk180:part0:3.0 available at C:/Xilinx/Vivado/2024.1/data/xhub/boards/XilinxBoardStore/boards/Xilinx/vmk180/production/3.0/board.xml as part xcvm1802-vsva2197-2mp-e-s specified in board_part file is either invalid or not available
WARNING: [Board 49-26] cannot add Board Part xilinx.com:vmk180:part0:3.1 available at C:/Xilinx/Vivado/2024.1/data/xhub/boards/XilinxBoardStore/boards/Xilinx/vmk180/production/3.1/board.xml as part xcvm1802-vsva2197-2mp-e-s specified in board_part file is either invalid or not available
WARNING: [Board 49-26] cannot add Board Part xilinx.com:vmk180:part0:3.2 available at C:/Xilinx/Vivado/2024.1/data/xhub/boards/XilinxBoardStore/boards/Xilinx/vmk180/production/3.2/board.xml as part xcvm1802-vsva2197-2mp-e-s specified in board_part file is either invalid or not available
WARNING: [Board 49-26] cannot add Board Part xilinx.com:vmk180_newl:part0:1.0 available at C:/Xilinx/Vivado/2024.1/data/xhub/boards/XilinxBoardStore/boards/Xilinx/vmk180_newl/production/1.0/board.xml as part xcvm1802-vsva2197-2mp-e-s specified in board_part file is either invalid or not available
WARNING: [Board 49-26] cannot add Board Part xilinx.com:vmk180_newl:part0:1.1 available at C:/Xilinx/Vivado/2024.1/data/xhub/boards/XilinxBoardStore/boards/Xilinx/vmk180_newl/production/1.1/board.xml as part xcvm1802-vsva2197-2mp-e-s specified in board_part file is either invalid or not available
WARNING: [Board 49-26] cannot add Board Part xilinx.com:vpk120:part0:1.0 available at C:/Xilinx/Vivado/2024.1/data/xhub/boards/XilinxBoardStore/boards/Xilinx/vpk120/production/1.0/board.xml as part xcvp1202-vsva2785-2mp-e-s specified in board_part file is either invalid or not available
WARNING: [Board 49-26] cannot add Board Part xilinx.com:vpk120:part0:1.1 available at C:/Xilinx/Vivado/2024.1/data/xhub/boards/XilinxBoardStore/boards/Xilinx/vpk120/production/1.1/board.xml as part xcvp1202-vsva2785-2mp-e-s specified in board_part file is either invalid or not available
WARNING: [Board 49-26] cannot add Board Part xilinx.com:vpk120:part0:1.2 available at C:/Xilinx/Vivado/2024.1/data/xhub/boards/XilinxBoardStore/boards/Xilinx/vpk120/production/1.2/board.xml as part xcvp1202-vsva2785-2mp-e-s specified in board_part file is either invalid or not available
WARNING: [Board 49-26] cannot add Board Part xilinx.com:vpk180:part0:1.0 available at C:/Xilinx/Vivado/2024.1/data/xhub/boards/XilinxBoardStore/boards/Xilinx/vpk180/production/1.0/board.xml as part xcvp1802-lsvc4072-2mp-e-s specified in board_part file is either invalid or not available
WARNING: [Board 49-26] cannot add Board Part xilinx.com:vpk180:part0:1.1 available at C:/Xilinx/Vivado/2024.1/data/xhub/boards/XilinxBoardStore/boards/Xilinx/vpk180/production/1.1/board.xml as part xcvp1802-lsvc4072-2mp-e-s specified in board_part file is either invalid or not available
WARNING: [Board 49-26] cannot add Board Part xilinx.com:vpk180:part0:1.2 available at C:/Xilinx/Vivado/2024.1/data/xhub/boards/XilinxBoardStore/boards/Xilinx/vpk180/production/1.2/board.xml as part xcvp1802-lsvc4072-2mp-e-s specified in board_part file is either invalid or not available
WARNING: [Board 49-26] cannot add Board Part xilinx.com:zc702:part0:1.4 available at C:/Xilinx/Vivado/2024.1/data/xhub/boards/XilinxBoardStore/boards/Xilinx/zc702/1.4/board.xml as part xc7z020clg484-1 specified in board_part file is either invalid or not available
WARNING: [Board 49-26] cannot add Board Part xilinx.com:zc706:part0:1.4 available at C:/Xilinx/Vivado/2024.1/data/xhub/boards/XilinxBoardStore/boards/Xilinx/zc706/1.4/board.xml as part xc7z045ffg900-2 specified in board_part file is either invalid or not available
WARNING: [Board 49-26] cannot add Board Part xilinx.com:zcu102:part0:3.3 available at C:/Xilinx/Vivado/2024.1/data/xhub/boards/XilinxBoardStore/boards/Xilinx/zcu102/3.3/board.xml as part xczu9eg-ffvb1156-2-e specified in board_part file is either invalid or not available
WARNING: [Board 49-26] cannot add Board Part xilinx.com:zcu102:part0:3.4 available at C:/Xilinx/Vivado/2024.1/data/xhub/boards/XilinxBoardStore/boards/Xilinx/zcu102/3.4/board.xml as part xczu9eg-ffvb1156-2-e specified in board_part file is either invalid or not available
WARNING: [Board 49-26] cannot add Board Part xilinx.com:zcu104:part0:1.1 available at C:/Xilinx/Vivado/2024.1/data/xhub/boards/XilinxBoardStore/boards/Xilinx/zcu104/1.1/board.xml as part xczu7ev-ffvc1156-2-e specified in board_part file is either invalid or not available
WARNING: [Board 49-26] cannot add Board Part xilinx.com:zcu106:part0:2.4 available at C:/Xilinx/Vivado/2024.1/data/xhub/boards/XilinxBoardStore/boards/Xilinx/zcu106/2.4/board.xml as part xczu7ev-ffvc1156-2-e specified in board_part file is either invalid or not available
WARNING: [Board 49-26] cannot add Board Part xilinx.com:zcu106:part0:2.5 available at C:/Xilinx/Vivado/2024.1/data/xhub/boards/XilinxBoardStore/boards/Xilinx/zcu106/2.5/board.xml as part xczu7ev-ffvc1156-2-e specified in board_part file is either invalid or not available
WARNING: [Board 49-26] cannot add Board Part xilinx.com:zcu106:part0:2.6 available at C:/Xilinx/Vivado/2024.1/data/xhub/boards/XilinxBoardStore/boards/Xilinx/zcu106/2.6/board.xml as part xczu7ev-ffvc1156-2-e specified in board_part file is either invalid or not available
WARNING: [Board 49-26] cannot add Board Part xilinx.com:zcu111:part0:1.2 available at C:/Xilinx/Vivado/2024.1/data/xhub/boards/XilinxBoardStore/boards/Xilinx/zcu111/1.2/board.xml as part xczu28dr-ffvg1517-2-e specified in board_part file is either invalid or not available
WARNING: [Board 49-26] cannot add Board Part xilinx.com:zcu111:part0:1.3 available at C:/Xilinx/Vivado/2024.1/data/xhub/boards/XilinxBoardStore/boards/Xilinx/zcu111/1.3/board.xml as part xczu28dr-ffvg1517-2-e specified in board_part file is either invalid or not available
WARNING: [Board 49-26] cannot add Board Part xilinx.com:zcu111:part0:1.4 available at C:/Xilinx/Vivado/2024.1/data/xhub/boards/XilinxBoardStore/boards/Xilinx/zcu111/1.4/board.xml as part xczu28dr-ffvg1517-2-e specified in board_part file is either invalid or not available
WARNING: [Board 49-26] cannot add Board Part xilinx.com:zcu1275:part0:1.0 available at C:/Xilinx/Vivado/2024.1/data/xhub/boards/XilinxBoardStore/boards/Xilinx/zcu1275/1.0/board.xml as part xczu29dr-ffvf1760-2-e specified in board_part file is either invalid or not available
WARNING: [Board 49-26] cannot add Board Part xilinx.com:zcu1285:part0:1.0 available at C:/Xilinx/Vivado/2024.1/data/xhub/boards/XilinxBoardStore/boards/Xilinx/zcu1285/1.0/board.xml as part xczu39dr-ffvf1760-2-i specified in board_part file is either invalid or not available
WARNING: [Board 49-26] cannot add Board Part xilinx.com:zcu208:part0:2.0 available at C:/Xilinx/Vivado/2024.1/data/xhub/boards/XilinxBoardStore/boards/Xilinx/zcu208/production/2.0/board.xml as part xczu48dr-fsvg1517-2-e specified in board_part file is either invalid or not available
WARNING: [Board 49-26] cannot add Board Part xilinx.com:zcu208ld:part0:2.0 available at C:/Xilinx/Vivado/2024.1/data/xhub/boards/XilinxBoardStore/boards/Xilinx/zcu208ld/production/2.0/board.xml as part xczu58dr-fsvg1517-2-i specified in board_part file is either invalid or not available
INFO: [Common 17-14] Message 'Board 49-26' appears 100 times and further instances of the messages will be disabled. Use the Tcl command set_msg_config to change the current settings.
INFO: [filemgmt 56-3] Default IP Output Path : Could not find the directory 'C:/Users/ferni/OneDrive/Documentos/GitHub/SED_BAF/TRABAJO/TRABAJO.gen/sources_1'.
WARNING: [filemgmt 56-3] IPUserFilesDir: Could not find the directory 'C:/Users/ferni/OneDrive/Documentos/GitHub/SED_BAF/TRABAJO/TRABAJO.ip_user_files'.
Scanning sources...
Finished scanning sources
INFO: [IP_Flow 19-234] Refreshing IP repositories
INFO: [IP_Flow 19-1704] No user IP repositories specified
INFO: [IP_Flow 19-2313] Loaded Vivado IP repository 'C:/Xilinx/Vivado/2024.1/data/ip'.
open_project: Time (s): cpu = 00:00:18 ; elapsed = 00:00:14 . Memory (MB): peak = 1604.094 ; gain = 486.398
update_compile_order -fileset sources_1
open_run impl_1
INFO: [Device 21-403] Loading part xc7a100tcsg324-1
INFO: [Device 21-9227] Part: xc7a100tcsg324-1 does not have CEAM library.
Netlist sorting complete. Time (s): cpu = 00:00:00 ; elapsed = 00:00:00 . Memory (MB): peak = 2031.320 ; gain = 0.000
INFO: [Project 1-479] Netlist was created with Vivado 2024.1
INFO: [Project 1-570] Preparing netlist for logic optimization
Read ShapeDB Complete: Time (s): cpu = 00:00:00 ; elapsed = 00:00:00.002 . Memory (MB): peak = 2118.715 ; gain = 0.129
INFO: [Timing 38-478] Restoring timing data from binary archive.
INFO: [Timing 38-479] Binary timing data restore complete.
INFO: [Project 1-856] Restoring constraints from binary archive.
INFO: [Project 1-853] Binary constraint restore complete.
INFO: [Designutils 20-5722] Start Reading Physical Databases.
Reading placement.
Read Netlist Cache: Time (s): cpu = 00:00:00 ; elapsed = 00:00:00 . Memory (MB): peak = 2694.777 ; gain = 0.000
Reading placer database...
Read Device Cache: Time (s): cpu = 00:00:00 ; elapsed = 00:00:00.007 . Memory (MB): peak = 2694.777 ; gain = 0.000
Read PlaceDB: Time (s): cpu = 00:00:00 ; elapsed = 00:00:00.001 . Memory (MB): peak = 2694.777 ; gain = 0.000
Read PulsedLatchDB: Time (s): cpu = 00:00:00 ; elapsed = 00:00:00 . Memory (MB): peak = 2694.777 ; gain = 0.000
Reading routing.
Read RouteStorage: Time (s): cpu = 00:00:00 ; elapsed = 00:00:00.036 . Memory (MB): peak = 2694.777 ; gain = 0.000
Read Physdb Files: Time (s): cpu = 00:00:00 ; elapsed = 00:00:00.054 . Memory (MB): peak = 2694.777 ; gain = 0.000
Restored from archive | CPU: 0.000000 secs | Memory: 0.000000 MB |
Finished XDEF File Restore: Time (s): cpu = 00:00:00 ; elapsed = 00:00:00.056 . Memory (MB): peak = 2694.777 ; gain = 0.000
Netlist sorting complete. Time (s): cpu = 00:00:00 ; elapsed = 00:00:00 . Memory (MB): peak = 2694.777 ; gain = 0.000
INFO: [Project 1-111] Unisim Transformation Summary:
No Unisim elements were transformed.

open_run: Time (s): cpu = 00:00:13 ; elapsed = 00:00:19 . Memory (MB): peak = 2832.961 ; gain = 1145.168
WARNING: [Timing 38-313] There are no user specified timing constraints. Timing constraints are needed for proper timing analysis.
reset_run synth_1
INFO: [Project 1-1161] Replacing file C:/Users/ferni/OneDrive/Documentos/GitHub/SED_BAF/TRABAJO/TRABAJO.srcs/utils_1/imports/synth_1/TOP_display.dcp with file C:/Users/ferni/OneDrive/Documentos/GitHub/SED_BAF/TRABAJO/TRABAJO.runs/synth_1/TOP_display.dcp
launch_runs impl_1 -to_step write_bitstream -jobs 16
[Mon Dec 16 13:06:22 2024] Launched synth_1...
Run output will be captured here: C:/Users/ferni/OneDrive/Documentos/GitHub/SED_BAF/TRABAJO/TRABAJO.runs/synth_1/runme.log
[Mon Dec 16 13:06:22 2024] Launched impl_1...
Run output will be captured here: C:/Users/ferni/OneDrive/Documentos/GitHub/SED_BAF/TRABAJO/TRABAJO.runs/impl_1/runme.log
WARNING: [filemgmt 56-199] Attempt to get parsing info during refresh. "On-the-fly" syntax checking information may be incorrect. [C:\Users\ferni\OneDrive\Documentos\GitHub\SED_BAF\TRABAJO\TRABAJO.srcs\sources_1\new\Dec_3_8.vhd:]
WARNING: [filemgmt 56-199] Attempt to get parsing info during refresh. "On-the-fly" syntax checking information may be incorrect. [C:\Users\ferni\OneDrive\Documentos\GitHub\SED_BAF\TRABAJO\TRABAJO.srcs\sources_1\new\TOP_display.vhd:]
WARNING: [filemgmt 56-199] Attempt to get parsing info during refresh. "On-the-fly" syntax checking information may be incorrect. [C:\Users\ferni\OneDrive\Documentos\GitHub\SED_BAF\TRABAJO\TRABAJO.srcs\sources_1\new\Dec_3_8.vhd:]
WARNING: [filemgmt 56-199] Attempt to get parsing info during refresh. "On-the-fly" syntax checking information may be incorrect. [C:\Users\ferni\OneDrive\Documentos\GitHub\SED_BAF\TRABAJO\TRABAJO.srcs\sources_1\new\Dec_3_8.vhd:]
ERROR: [Common 17-180] Spawn failed: No error
reset_run synth_1
INFO: [Project 1-1161] Replacing file C:/Users/ferni/OneDrive/Documentos/GitHub/SED_BAF/TRABAJO/TRABAJO.srcs/utils_1/imports/synth_1/TOP_display.dcp with file C:/Users/ferni/OneDrive/Documentos/GitHub/SED_BAF/TRABAJO/TRABAJO.runs/synth_1/TOP_display.dcp
launch_runs impl_1 -to_step write_bitstream -jobs 16
[Mon Dec 16 13:19:41 2024] Launched synth_1...
Run output will be captured here: C:/Users/ferni/OneDrive/Documentos/GitHub/SED_BAF/TRABAJO/TRABAJO.runs/synth_1/runme.log
[Mon Dec 16 13:19:41 2024] Launched impl_1...
Run output will be captured here: C:/Users/ferni/OneDrive/Documentos/GitHub/SED_BAF/TRABAJO/TRABAJO.runs/impl_1/runme.log
WARNING: [filemgmt 56-199] Attempt to get parsing info during refresh. "On-the-fly" syntax checking information may be incorrect. [C:\Users\ferni\OneDrive\Documentos\GitHub\SED_BAF\TRABAJO\TRABAJO.srcs\sources_1\new\Dec_3_8.vhd:]
WARNING: [filemgmt 56-199] Attempt to get parsing info during refresh. "On-the-fly" syntax checking information may be incorrect. [C:\Users\ferni\OneDrive\Documentos\GitHub\SED_BAF\TRABAJO\TRABAJO.srcs\sources_1\new\TOP_display.vhd:]
WARNING: [filemgmt 56-199] Attempt to get parsing info during refresh. "On-the-fly" syntax checking information may be incorrect. [C:\Users\ferni\OneDrive\Documentos\GitHub\SED_BAF\TRABAJO\TRABAJO.srcs\sources_1\new\Dec_3_8.vhd:]
WARNING: [filemgmt 56-199] Attempt to get parsing info during refresh. "On-the-fly" syntax checking information may be incorrect. [C:\Users\ferni\OneDrive\Documentos\GitHub\SED_BAF\TRABAJO\TRABAJO.srcs\sources_1\new\Dec_3_8.vhd:]
WARNING: [filemgmt 56-199] Attempt to get parsing info during refresh. "On-the-fly" syntax checking information may be incorrect. [C:\Users\ferni\OneDrive\Documentos\GitHub\SED_BAF\TRABAJO\TRABAJO.srcs\sources_1\new\Dec_3_8.vhd:]
WARNING: [filemgmt 56-199] Attempt to get parsing info during refresh. "On-the-fly" syntax checking information may be incorrect. [C:\Users\ferni\OneDrive\Documentos\GitHub\SED_BAF\TRABAJO\TRABAJO.srcs\sources_1\new\TOP_display.vhd:]
WARNING: [filemgmt 56-199] Attempt to get parsing info during refresh. "On-the-fly" syntax checking information may be incorrect. [C:\Users\ferni\OneDrive\Documentos\GitHub\SED_BAF\TRABAJO\TRABAJO.srcs\sources_1\new\Dec_3_8.vhd:]
WARNING: [filemgmt 56-199] Attempt to get parsing info during refresh. "On-the-fly" syntax checking information may be incorrect. [C:\Users\ferni\OneDrive\Documentos\GitHub\SED_BAF\TRABAJO\TRABAJO.srcs\sources_1\new\Dec_3_8.vhd:]
ERROR: [Common 17-180] Spawn failed: No error
reset_run synth_1
INFO: [Project 1-1161] Replacing file C:/Users/ferni/OneDrive/Documentos/GitHub/SED_BAF/TRABAJO/TRABAJO.srcs/utils_1/imports/synth_1/TOP_display.dcp with file C:/Users/ferni/OneDrive/Documentos/GitHub/SED_BAF/TRABAJO/TRABAJO.runs/synth_1/TOP_display.dcp
launch_runs impl_1 -to_step write_bitstream -jobs 16
[Mon Dec 16 13:29:13 2024] Launched synth_1...
Run output will be captured here: C:/Users/ferni/OneDrive/Documentos/GitHub/SED_BAF/TRABAJO/TRABAJO.runs/synth_1/runme.log
[Mon Dec 16 13:29:13 2024] Launched impl_1...
Run output will be captured here: C:/Users/ferni/OneDrive/Documentos/GitHub/SED_BAF/TRABAJO/TRABAJO.runs/impl_1/runme.log
WARNING: [filemgmt 56-199] Attempt to get parsing info during refresh. "On-the-fly" syntax checking information may be incorrect. [C:\Users\ferni\OneDrive\Documentos\GitHub\SED_BAF\TRABAJO\TRABAJO.srcs\sources_1\new\Dec_3_8.vhd:]
WARNING: [filemgmt 56-199] Attempt to get parsing info during refresh. "On-the-fly" syntax checking information may be incorrect. [C:\Users\ferni\OneDrive\Documentos\GitHub\SED_BAF\TRABAJO\TRABAJO.srcs\sources_1\new\TOP_display.vhd:]
WARNING: [filemgmt 56-199] Attempt to get parsing info during refresh. "On-the-fly" syntax checking information may be incorrect. [C:\Users\ferni\OneDrive\Documentos\GitHub\SED_BAF\TRABAJO\TRABAJO.srcs\sources_1\new\Dec_3_8.vhd:]
WARNING: [filemgmt 56-199] Attempt to get parsing info during refresh. "On-the-fly" syntax checking information may be incorrect. [C:\Users\ferni\OneDrive\Documentos\GitHub\SED_BAF\TRABAJO\TRABAJO.srcs\sources_1\new\Dec_3_8.vhd:]
ERROR: [Common 17-180] Spawn failed: No error
WARNING: [filemgmt 56-199] Attempt to get parsing info during refresh. "On-the-fly" syntax checking information may be incorrect. [C:\Users\ferni\OneDrive\Documentos\GitHub\SED_BAF\TRABAJO\TRABAJO.srcs\sources_1\new\Dec_3_8.vhd:]
WARNING: [filemgmt 56-199] Attempt to get parsing info during refresh. "On-the-fly" syntax checking information may be incorrect. [C:\Users\ferni\OneDrive\Documentos\GitHub\SED_BAF\TRABAJO\TRABAJO.srcs\sources_1\new\TOP_display.vhd:]
WARNING: [filemgmt 56-199] Attempt to get parsing info during refresh. "On-the-fly" syntax checking information may be incorrect. [C:\Users\ferni\OneDrive\Documentos\GitHub\SED_BAF\TRABAJO\TRABAJO.srcs\sources_1\new\Dec_3_8.vhd:]
WARNING: [filemgmt 56-199] Attempt to get parsing info during refresh. "On-the-fly" syntax checking information may be incorrect. [C:\Users\ferni\OneDrive\Documentos\GitHub\SED_BAF\TRABAJO\TRABAJO.srcs\sources_1\new\Dec_3_8.vhd:]
ERROR: [Common 17-180] Spawn failed: No error
launch_simulation
Command: launch_simulation 
INFO: [Vivado 12-12493] Simulation top is 'TOP_display'
WARNING: [Vivado 12-13340] Unable to auto find GCC executables from simulator install path! (path not set)
INFO: [Vivado 12-5682] Launching behavioral simulation in 'C:/Users/ferni/OneDrive/Documentos/GitHub/SED_BAF/TRABAJO/TRABAJO.sim/sim_1/behav/xsim'
INFO: [SIM-utils-51] Simulation object is 'sim_1'
INFO: [SIM-utils-72] Using boost library from 'C:/Xilinx/Vivado/2024.1/tps/boost_1_72_0'
INFO: [SIM-utils-54] Inspecting design source files for 'TOP_display' in fileset 'sim_1'...
INFO: [USF-XSim-97] Finding global include files...
INFO: [USF-XSim-98] Fetching design files from 'sim_1'...
INFO: [USF-XSim-2] XSim::Compile design
INFO: [USF-XSim-61] Executing 'COMPILE and ANALYZE' step in 'C:/Users/ferni/OneDrive/Documentos/GitHub/SED_BAF/TRABAJO/TRABAJO.sim/sim_1/behav/xsim'
"xvhdl --incr --relax -prj TOP_display_vhdl.prj"
INFO: [VRFC 10-163] Analyzing VHDL file "C:/Users/ferni/OneDrive/Documentos/GitHub/SED_BAF/TRABAJO/TRABAJO.srcs/sources_1/new/Counter.vhd" into library xil_defaultlib
INFO: [VRFC 10-3107] analyzing entity 'contador_0_a_7'
INFO: [VRFC 10-163] Analyzing VHDL file "C:/Users/ferni/OneDrive/Documentos/GitHub/SED_BAF/TRABAJO/TRABAJO.srcs/sources_1/new/Dec_3_8.vhd" into library xil_defaultlib
INFO: [VRFC 10-3107] analyzing entity 'binary_3bit_decoder'
INFO: [VRFC 10-163] Analyzing VHDL file "C:/Users/ferni/OneDrive/Documentos/GitHub/SED_BAF/TRABAJO/TRABAJO.srcs/sources_1/new/Dec_7_seg.vhd" into library xil_defaultlib
INFO: [VRFC 10-3107] analyzing entity 'bcd_to_7seg'
INFO: [VRFC 10-163] Analyzing VHDL file "C:/Users/ferni/OneDrive/Documentos/GitHub/SED_BAF/TRABAJO/TRABAJO.srcs/sources_1/new/MUX.vhd" into library xil_defaultlib
INFO: [VRFC 10-3107] analyzing entity 'mux_32bit_4out'
INFO: [VRFC 10-163] Analyzing VHDL file "C:/Users/ferni/OneDrive/Documentos/GitHub/SED_BAF/TRABAJO/TRABAJO.srcs/sources_1/new/TOP_display.vhd" into library xil_defaultlib
INFO: [VRFC 10-3107] analyzing entity 'TOP_display'
INFO: [USF-XSim-69] 'compile' step finished in '2' seconds
INFO: [USF-XSim-3] XSim::Elaborate design
INFO: [USF-XSim-61] Executing 'ELABORATE' step in 'C:/Users/ferni/OneDrive/Documentos/GitHub/SED_BAF/TRABAJO/TRABAJO.sim/sim_1/behav/xsim'
"xelab --incr --debug typical --relax --mt 2 -L xil_defaultlib -L secureip --snapshot TOP_display_behav xil_defaultlib.TOP_display -log elaborate.log"
Vivado Simulator v2024.1
Copyright 1986-2022 Xilinx, Inc. All Rights Reserved.
Copyright 2022-2024 Advanced Micro Devices, Inc. All Rights Reserved.
Running: C:/Xilinx/Vivado/2024.1/bin/unwrapped/win64.o/xelab.exe --incr --debug typical --relax --mt 2 -L xil_defaultlib -L secureip --snapshot TOP_display_behav xil_defaultlib.TOP_display -log elaborate.log 
Using 2 slave threads.
Starting static elaboration
Completed static elaboration
Starting simulation data flow analysis
Completed simulation data flow analysis
Time Resolution for simulation is 1ps
Compiling package std.standard
Compiling package std.textio
Compiling package ieee.std_logic_1164
Compiling package ieee.numeric_std
Compiling architecture behavioral of entity xil_defaultlib.contador_0_a_7 [contador_0_a_7_default]
Compiling architecture behavioral of entity xil_defaultlib.mux_32bit_4out [mux_32bit_4out_default]
Compiling architecture behavioral of entity xil_defaultlib.bcd_to_7seg [bcd_to_7seg_default]
Compiling architecture behavioral of entity xil_defaultlib.binary_3bit_decoder [binary_3bit_decoder_default]
Compiling architecture behavioral of entity xil_defaultlib.top_display
Built simulation snapshot TOP_display_behav
INFO: [USF-XSim-69] 'elaborate' step finished in '3' seconds
INFO: [USF-XSim-4] XSim::Simulate design
INFO: [USF-XSim-61] Executing 'SIMULATE' step in 'C:/Users/ferni/OneDrive/Documentos/GitHub/SED_BAF/TRABAJO/TRABAJO.sim/sim_1/behav/xsim'
INFO: [USF-XSim-98] *** Running xsim
   with args "TOP_display_behav -key {Behavioral:sim_1:Functional:TOP_display} -tclbatch {TOP_display.tcl} -log {simulate.log}"
INFO: [USF-XSim-8] Loading simulator feature
Time resolution is 1 ps
source TOP_display.tcl
# set curr_wave [current_wave_config]
# if { [string length $curr_wave] == 0 } {
#   if { [llength [get_objects]] > 0} {
#     add_wave /
#     set_property needs_save false [current_wave_config]
#   } else {
#      send_msg_id Add_Wave-1 WARNING "No top level signals found. Simulator will start without a wave window. If you want to open a wave window go to 'File->New Waveform Configuration' or type 'create_wave_config' in the TCL console."
#   }
# }
# run 1000ns
INFO: [USF-XSim-96] XSim completed. Design snapshot 'TOP_display_behav' loaded.
INFO: [USF-XSim-97] XSim simulation ran for 1000ns
launch_simulation: Time (s): cpu = 00:00:01 ; elapsed = 00:00:09 . Memory (MB): peak = 2899.711 ; gain = 22.203
reset_run synth_1
INFO: [Project 1-1161] Replacing file C:/Users/ferni/OneDrive/Documentos/GitHub/SED_BAF/TRABAJO/TRABAJO.srcs/utils_1/imports/synth_1/TOP_display.dcp with file C:/Users/ferni/OneDrive/Documentos/GitHub/SED_BAF/TRABAJO/TRABAJO.runs/synth_1/TOP_display.dcp
WARNING: [Vivado 12-1017] Problems encountered:
1. Failed to delete one or more files in run directory C:/Users/ferni/OneDrive/Documentos/GitHub/SED_BAF/TRABAJO/TRABAJO.runs/synth_1

launch_runs impl_1 -to_step write_bitstream -jobs 16
[Mon Dec 16 13:33:25 2024] Launched synth_1...
Run output will be captured here: C:/Users/ferni/OneDrive/Documentos/GitHub/SED_BAF/TRABAJO/TRABAJO.runs/synth_1/runme.log
[Mon Dec 16 13:33:25 2024] Launched impl_1...
Run output will be captured here: C:/Users/ferni/OneDrive/Documentos/GitHub/SED_BAF/TRABAJO/TRABAJO.runs/impl_1/runme.log
WARNING: [filemgmt 56-199] Attempt to get parsing info during refresh. "On-the-fly" syntax checking information may be incorrect. [C:\Users\ferni\OneDrive\Documentos\GitHub\SED_BAF\TRABAJO\TRABAJO.srcs\sources_1\new\Dec_3_8.vhd:]
WARNING: [filemgmt 56-199] Attempt to get parsing info during refresh. "On-the-fly" syntax checking information may be incorrect. [C:\Users\ferni\OneDrive\Documentos\GitHub\SED_BAF\TRABAJO\TRABAJO.srcs\sources_1\new\TOP_display.vhd:]
WARNING: [filemgmt 56-199] Attempt to get parsing info during refresh. "On-the-fly" syntax checking information may be incorrect. [C:\Users\ferni\OneDrive\Documentos\GitHub\SED_BAF\TRABAJO\TRABAJO.srcs\sources_1\new\Dec_3_8.vhd:]
WARNING: [filemgmt 56-199] Attempt to get parsing info during refresh. "On-the-fly" syntax checking information may be incorrect. [C:\Users\ferni\OneDrive\Documentos\GitHub\SED_BAF\TRABAJO\TRABAJO.srcs\sources_1\new\Dec_3_8.vhd:]
ERROR: [Common 17-180] Spawn failed: No error
open_hw_manager
connect_hw_server -allow_non_jtag
INFO: [Labtools 27-2285] Connecting to hw_server url TCP:localhost:3121
INFO: [Labtools 27-2222] Launching hw_server...
INFO: [Labtools 27-2221] Launch Output:

****** Xilinx hw_server v2024.1.0
  **** Build date : Mar  6 2024 at 20:50:54
    ** Copyright 1986-2022 Xilinx, Inc. All Rights Reserved.


INFO: [Labtools 27-3415] Connecting to cs_server url TCP:localhost:0
INFO: [Labtools 27-3417] Launching cs_server...
INFO: [Labtools 27-2221] Launch Output:


******** Xilinx cs_server v2024.1.0
  ****** Build date   : Mar 09 2024-01:00:37
    **** Build number : 2024.1.1709942437
      ** Copyright 2017-2022 Xilinx, Inc. All Rights Reserved.
      ** Copyright 2022-2024 Advanced Micro Devices, Inc. All Rights Reserved.



connect_hw_server: Time (s): cpu = 00:00:00 ; elapsed = 00:00:07 . Memory (MB): peak = 2899.711 ; gain = 0.000
open_hw_target
INFO: [Labtoolstcl 44-466] Opening hw_target localhost:3121/xilinx_tcf/Digilent/210292AE3A67A
set_property PROGRAM.FILE {C:/Users/ferni/OneDrive/Documentos/GitHub/SED_BAF/TRABAJO/TRABAJO.runs/impl_1/TOP_display.bit} [get_hw_devices xc7a100t_0]
current_hw_device [get_hw_devices xc7a100t_0]
refresh_hw_device -update_hw_probes false [lindex [get_hw_devices xc7a100t_0] 0]
INFO: [Labtools 27-1435] Device xc7a100t (JTAG device index = 0) is not programmed (DONE status = 0).
set_property PROBES.FILE {} [get_hw_devices xc7a100t_0]
set_property FULL_PROBES.FILE {} [get_hw_devices xc7a100t_0]
set_property PROGRAM.FILE {C:/Users/ferni/OneDrive/Documentos/GitHub/SED_BAF/TRABAJO/TRABAJO.runs/impl_1/TOP_display.bit} [get_hw_devices xc7a100t_0]
program_hw_devices [get_hw_devices xc7a100t_0]
INFO: [Labtools 27-3164] End of startup status: HIGH
refresh_hw_device [lindex [get_hw_devices xc7a100t_0] 0]
INFO: [Labtools 27-1434] Device xc7a100t (JTAG device index = 0) is programmed with a design that has no supported debug core(s) in it.
ERROR: [Labtoolstcl 44-513] HW Target shutdown. Closing target: localhost:3121/xilinx_tcf/Digilent/210292AE3A67A
disconnect_hw_server localhost:3121
connect_hw_server -allow_non_jtag
INFO: [Labtools 27-2285] Connecting to hw_server url TCP:localhost:3121
INFO: [Labtools 27-3415] Connecting to cs_server url TCP:localhost:0
INFO: [Labtools 27-3417] Launching cs_server...
INFO: [Labtools 27-2221] Launch Output:


******** Xilinx cs_server v2024.1.0
  ****** Build date   : Mar 09 2024-01:00:37
    **** Build number : 2024.1.1709942437
      ** Copyright 2017-2022 Xilinx, Inc. All Rights Reserved.
      ** Copyright 2022-2024 Advanced Micro Devices, Inc. All Rights Reserved.



open_hw_target
INFO: [Labtoolstcl 44-466] Opening hw_target localhost:3121/xilinx_tcf/Digilent/210292AE3A68A
set_property PROGRAM.FILE {C:/Users/ferni/OneDrive/Documentos/GitHub/SED_BAF/TRABAJO/TRABAJO.runs/impl_1/TOP_display.bit} [get_hw_devices xc7a100t_0]
current_hw_device [get_hw_devices xc7a100t_0]
refresh_hw_device -update_hw_probes false [lindex [get_hw_devices xc7a100t_0] 0]
INFO: [Labtools 27-1435] Device xc7a100t (JTAG device index = 0) is not programmed (DONE status = 0).
set_property PROBES.FILE {} [get_hw_devices xc7a100t_0]
set_property FULL_PROBES.FILE {} [get_hw_devices xc7a100t_0]
set_property PROGRAM.FILE {C:/Users/ferni/OneDrive/Documentos/GitHub/SED_BAF/TRABAJO/TRABAJO.runs/impl_1/TOP_display.bit} [get_hw_devices xc7a100t_0]
program_hw_devices [get_hw_devices xc7a100t_0]
INFO: [Labtools 27-3164] End of startup status: HIGH
refresh_hw_device [lindex [get_hw_devices xc7a100t_0] 0]
INFO: [Labtools 27-1434] Device xc7a100t (JTAG device index = 0) is programmed with a design that has no supported debug core(s) in it.
ERROR: [Labtoolstcl 44-513] HW Target shutdown. Closing target: localhost:3121/xilinx_tcf/Digilent/210292AE3A68A
WARNING: [filemgmt 56-199] Attempt to get parsing info during refresh. "On-the-fly" syntax checking information may be incorrect. [C:\Users\ferni\OneDrive\Documentos\GitHub\SED_BAF\TRABAJO\TRABAJO.srcs\sources_1\new\Dec_3_8.vhd:]
WARNING: [filemgmt 56-199] Attempt to get parsing info during refresh. "On-the-fly" syntax checking information may be incorrect. [C:\Users\ferni\OneDrive\Documentos\GitHub\SED_BAF\TRABAJO\TRABAJO.srcs\sources_1\new\TOP_display.vhd:]
WARNING: [filemgmt 56-199] Attempt to get parsing info during refresh. "On-the-fly" syntax checking information may be incorrect. [C:\Users\ferni\OneDrive\Documentos\GitHub\SED_BAF\TRABAJO\TRABAJO.srcs\sources_1\new\Dec_3_8.vhd:]
WARNING: [filemgmt 56-199] Attempt to get parsing info during refresh. "On-the-fly" syntax checking information may be incorrect. [C:\Users\ferni\OneDrive\Documentos\GitHub\SED_BAF\TRABAJO\TRABAJO.srcs\sources_1\new\Dec_3_8.vhd:]
ERROR: [Common 17-180] Spawn failed: No error
reset_run synth_1
INFO: [Project 1-1161] Replacing file C:/Users/ferni/OneDrive/Documentos/GitHub/SED_BAF/TRABAJO/TRABAJO.srcs/utils_1/imports/synth_1/TOP_display.dcp with file C:/Users/ferni/OneDrive/Documentos/GitHub/SED_BAF/TRABAJO/TRABAJO.runs/synth_1/TOP_display.dcp
WARNING: [Vivado 12-1017] Problems encountered:
1. Failed to delete one or more files in run directory C:/Users/ferni/OneDrive/Documentos/GitHub/SED_BAF/TRABAJO/TRABAJO.runs/synth_1

launch_runs impl_1 -to_step write_bitstream -jobs 16
[Mon Dec 16 13:39:19 2024] Launched synth_1...
Run output will be captured here: C:/Users/ferni/OneDrive/Documentos/GitHub/SED_BAF/TRABAJO/TRABAJO.runs/synth_1/runme.log
[Mon Dec 16 13:39:19 2024] Launched impl_1...
Run output will be captured here: C:/Users/ferni/OneDrive/Documentos/GitHub/SED_BAF/TRABAJO/TRABAJO.runs/impl_1/runme.log
WARNING: [filemgmt 56-199] Attempt to get parsing info during refresh. "On-the-fly" syntax checking information may be incorrect. [C:\Users\ferni\OneDrive\Documentos\GitHub\SED_BAF\TRABAJO\TRABAJO.srcs\sources_1\new\Dec_3_8.vhd:]
WARNING: [filemgmt 56-199] Attempt to get parsing info during refresh. "On-the-fly" syntax checking information may be incorrect. [C:\Users\ferni\OneDrive\Documentos\GitHub\SED_BAF\TRABAJO\TRABAJO.srcs\sources_1\new\TOP_display.vhd:]
WARNING: [filemgmt 56-199] Attempt to get parsing info during refresh. "On-the-fly" syntax checking information may be incorrect. [C:\Users\ferni\OneDrive\Documentos\GitHub\SED_BAF\TRABAJO\TRABAJO.srcs\sources_1\new\Dec_3_8.vhd:]
WARNING: [filemgmt 56-199] Attempt to get parsing info during refresh. "On-the-fly" syntax checking information may be incorrect. [C:\Users\ferni\OneDrive\Documentos\GitHub\SED_BAF\TRABAJO\TRABAJO.srcs\sources_1\new\Dec_3_8.vhd:]
ERROR: [Common 17-180] Spawn failed: No error
WARNING: [filemgmt 56-199] Attempt to get parsing info during refresh. "On-the-fly" syntax checking information may be incorrect. [C:\Users\ferni\OneDrive\Documentos\GitHub\SED_BAF\TRABAJO\TRABAJO.srcs\sources_1\new\Dec_3_8.vhd:]
WARNING: [filemgmt 56-199] Attempt to get parsing info during refresh. "On-the-fly" syntax checking information may be incorrect. [C:\Users\ferni\OneDrive\Documentos\GitHub\SED_BAF\TRABAJO\TRABAJO.srcs\sources_1\new\TOP_display.vhd:]
WARNING: [filemgmt 56-199] Attempt to get parsing info during refresh. "On-the-fly" syntax checking information may be incorrect. [C:\Users\ferni\OneDrive\Documentos\GitHub\SED_BAF\TRABAJO\TRABAJO.srcs\sources_1\new\Dec_3_8.vhd:]
WARNING: [filemgmt 56-199] Attempt to get parsing info during refresh. "On-the-fly" syntax checking information may be incorrect. [C:\Users\ferni\OneDrive\Documentos\GitHub\SED_BAF\TRABAJO\TRABAJO.srcs\sources_1\new\Dec_3_8.vhd:]
reset_run synth_1
WARNING: [Vivado 12-1017] Problems encountered:
1. Failed to delete one or more files in run directory C:/Users/ferni/OneDrive/Documentos/GitHub/SED_BAF/TRABAJO/TRABAJO.runs/synth_1

launch_runs impl_1 -to_step write_bitstream -jobs 16
ERROR: [Common 17-180] Spawn failed: No error
ERROR: [Vivado 12-4756] Launch of runs aborted due to earlier errors while preparing sub-designs for run execution.
launch_runs impl_1 -to_step write_bitstream -jobs 16
[Mon Dec 16 13:40:42 2024] Launched synth_1...
Run output will be captured here: C:/Users/ferni/OneDrive/Documentos/GitHub/SED_BAF/TRABAJO/TRABAJO.runs/synth_1/runme.log
[Mon Dec 16 13:40:42 2024] Launched impl_1...
Run output will be captured here: C:/Users/ferni/OneDrive/Documentos/GitHub/SED_BAF/TRABAJO/TRABAJO.runs/impl_1/runme.log
disconnect_hw_server localhost:3121
connect_hw_server -allow_non_jtag
INFO: [Labtools 27-2285] Connecting to hw_server url TCP:localhost:3121
INFO: [Labtools 27-3415] Connecting to cs_server url TCP:localhost:0
INFO: [Labtools 27-3417] Launching cs_server...
INFO: [Labtools 27-2221] Launch Output:


******** Xilinx cs_server v2024.1.0
  ****** Build date   : Mar 09 2024-01:00:37
    **** Build number : 2024.1.1709942437
      ** Copyright 2017-2022 Xilinx, Inc. All Rights Reserved.
      ** Copyright 2022-2024 Advanced Micro Devices, Inc. All Rights Reserved.



ERROR: [Labtoolstcl 44-494] There is no active target available for server at localhost.
 Targets(s) ", jsn-Nexys A7 -100T-210292AE3A67Ajsn-Nexys A7 -100T-210292AE3A68A" may be locked by another hw_server.
disconnect_hw_server localhost:3121
connect_hw_server -allow_non_jtag
INFO: [Labtools 27-2285] Connecting to hw_server url TCP:localhost:3121
INFO: [Labtools 27-3415] Connecting to cs_server url TCP:localhost:0
INFO: [Labtools 27-3417] Launching cs_server...
INFO: [Labtools 27-2221] Launch Output:


******** Xilinx cs_server v2024.1.0
  ****** Build date   : Mar 09 2024-01:00:37
    **** Build number : 2024.1.1709942437
      ** Copyright 2017-2022 Xilinx, Inc. All Rights Reserved.
      ** Copyright 2022-2024 Advanced Micro Devices, Inc. All Rights Reserved.



open_hw_target
INFO: [Labtoolstcl 44-466] Opening hw_target localhost:3121/xilinx_tcf/Digilent/210292AE3A68A
set_property PROGRAM.FILE {C:/Users/ferni/OneDrive/Documentos/GitHub/SED_BAF/TRABAJO/TRABAJO.runs/impl_1/TOP_display.bit} [get_hw_devices xc7a100t_0]
current_hw_device [get_hw_devices xc7a100t_0]
refresh_hw_device -update_hw_probes false [lindex [get_hw_devices xc7a100t_0] 0]
INFO: [Labtools 27-1435] Device xc7a100t (JTAG device index = 0) is not programmed (DONE status = 0).
set_property PROBES.FILE {} [get_hw_devices xc7a100t_0]
set_property FULL_PROBES.FILE {} [get_hw_devices xc7a100t_0]
set_property PROGRAM.FILE {C:/Users/ferni/OneDrive/Documentos/GitHub/SED_BAF/TRABAJO/TRABAJO.runs/impl_1/TOP_display.bit} [get_hw_devices xc7a100t_0]
program_hw_devices [get_hw_devices xc7a100t_0]
INFO: [Labtools 27-3164] End of startup status: HIGH
refresh_hw_device [lindex [get_hw_devices xc7a100t_0] 0]
INFO: [Labtools 27-1434] Device xc7a100t (JTAG device index = 0) is programmed with a design that has no supported debug core(s) in it.
synth_design -rtl -rtl_skip_mlo -name rtl_1
Command: synth_design -rtl -rtl_skip_mlo -name rtl_1
Starting synth_design
Using part: xc7a100tcsg324-1
Top: TOP_display
INFO: [Synth 8-7079] Multithreading enabled for synth_design using a maximum of 2 processes.
INFO: [Synth 8-7078] Launching helper process for spawning children vivado processes
INFO: [Synth 8-7075] Helper process launched with PID 11428
---------------------------------------------------------------------------------
Starting RTL Elaboration : Time (s): cpu = 00:00:06 ; elapsed = 00:00:06 . Memory (MB): peak = 3378.727 ; gain = 398.449
---------------------------------------------------------------------------------
INFO: [Synth 8-638] synthesizing module 'TOP_display' [C:/Users/ferni/OneDrive/Documentos/GitHub/SED_BAF/TRABAJO/TRABAJO.srcs/sources_1/new/TOP_display.vhd:34]
INFO: [Synth 8-638] synthesizing module 'contador_0_a_7' [C:/Users/ferni/OneDrive/Documentos/GitHub/SED_BAF/TRABAJO/TRABAJO.srcs/sources_1/new/Counter.vhd:33]
INFO: [Synth 8-256] done synthesizing module 'contador_0_a_7' (0#1) [C:/Users/ferni/OneDrive/Documentos/GitHub/SED_BAF/TRABAJO/TRABAJO.srcs/sources_1/new/Counter.vhd:33]
INFO: [Synth 8-638] synthesizing module 'mux_32bit_4out' [C:/Users/ferni/OneDrive/Documentos/GitHub/SED_BAF/TRABAJO/TRABAJO.srcs/sources_1/new/MUX.vhd:33]
INFO: [Synth 8-226] default block is never used [C:/Users/ferni/OneDrive/Documentos/GitHub/SED_BAF/TRABAJO/TRABAJO.srcs/sources_1/new/MUX.vhd:37]
INFO: [Synth 8-256] done synthesizing module 'mux_32bit_4out' (0#1) [C:/Users/ferni/OneDrive/Documentos/GitHub/SED_BAF/TRABAJO/TRABAJO.srcs/sources_1/new/MUX.vhd:33]
INFO: [Synth 8-638] synthesizing module 'bcd_to_7seg' [C:/Users/ferni/OneDrive/Documentos/GitHub/SED_BAF/TRABAJO/TRABAJO.srcs/sources_1/new/Dec_7_seg.vhd:33]
INFO: [Synth 8-256] done synthesizing module 'bcd_to_7seg' (0#1) [C:/Users/ferni/OneDrive/Documentos/GitHub/SED_BAF/TRABAJO/TRABAJO.srcs/sources_1/new/Dec_7_seg.vhd:33]
INFO: [Synth 8-638] synthesizing module 'binary_3bit_decoder' [C:/Users/ferni/OneDrive/Documentos/GitHub/SED_BAF/TRABAJO/TRABAJO.srcs/sources_1/new/Dec_3_8.vhd:31]
INFO: [Synth 8-226] default block is never used [C:/Users/ferni/OneDrive/Documentos/GitHub/SED_BAF/TRABAJO/TRABAJO.srcs/sources_1/new/Dec_3_8.vhd:38]
INFO: [Synth 8-256] done synthesizing module 'binary_3bit_decoder' (0#1) [C:/Users/ferni/OneDrive/Documentos/GitHub/SED_BAF/TRABAJO/TRABAJO.srcs/sources_1/new/Dec_3_8.vhd:31]
INFO: [Synth 8-256] done synthesizing module 'TOP_display' (0#1) [C:/Users/ferni/OneDrive/Documentos/GitHub/SED_BAF/TRABAJO/TRABAJO.srcs/sources_1/new/TOP_display.vhd:34]
---------------------------------------------------------------------------------
Finished RTL Elaboration : Time (s): cpu = 00:00:08 ; elapsed = 00:00:08 . Memory (MB): peak = 3484.875 ; gain = 504.598
---------------------------------------------------------------------------------
---------------------------------------------------------------------------------
Start Handling Custom Attributes
---------------------------------------------------------------------------------
---------------------------------------------------------------------------------
Finished Handling Custom Attributes : Time (s): cpu = 00:00:08 ; elapsed = 00:00:08 . Memory (MB): peak = 3502.738 ; gain = 522.461
---------------------------------------------------------------------------------
---------------------------------------------------------------------------------
Finished RTL Optimization Phase 1 : Time (s): cpu = 00:00:08 ; elapsed = 00:00:08 . Memory (MB): peak = 3502.738 ; gain = 522.461
---------------------------------------------------------------------------------
Netlist sorting complete. Time (s): cpu = 00:00:00 ; elapsed = 00:00:00 . Memory (MB): peak = 3502.738 ; gain = 0.000
INFO: [Project 1-570] Preparing netlist for logic optimization

Processing XDC Constraints
Initializing timing engine
Parsing XDC File [C:/Users/ferni/OneDrive/Documentos/GitHub/SED_BAF/TRABAJO/TRABAJO.srcs/constrs_1/imports/Vivado/Nexys-4-DDR-Master.xdc]
Finished Parsing XDC File [C:/Users/ferni/OneDrive/Documentos/GitHub/SED_BAF/TRABAJO/TRABAJO.srcs/constrs_1/imports/Vivado/Nexys-4-DDR-Master.xdc]
Completed Processing XDC Constraints

Netlist sorting complete. Time (s): cpu = 00:00:00 ; elapsed = 00:00:00 . Memory (MB): peak = 3560.988 ; gain = 0.000
INFO: [Project 1-111] Unisim Transformation Summary:
No Unisim elements were transformed.

RTL Elaboration Complete:  : Time (s): cpu = 00:00:10 ; elapsed = 00:00:11 . Memory (MB): peak = 3583.551 ; gain = 603.273
17 Infos, 0 Warnings, 0 Critical Warnings and 0 Errors encountered.
synth_design completed successfully
synth_design: Time (s): cpu = 00:00:10 ; elapsed = 00:00:11 . Memory (MB): peak = 3583.551 ; gain = 603.273
startgroup
set_property BITSTREAM.CONFIG.CONFIGRATE 3 [get_designs rtl_1]
endgroup
undo
INFO: [Common 17-17] undo 'endgroup'
INFO: [Common 17-17] undo 'set_property BITSTREAM.CONFIG.CONFIGRATE 3 [get_designs rtl_1]'
INFO: [Common 17-17] undo 'startgroup'
startgroup
set_property BITSTREAM.CONFIG.CONFIGRATE 3 [get_designs rtl_1]
endgroup
save_constraints
WARNING: [filemgmt 56-199] Attempt to get parsing info during refresh. "On-the-fly" syntax checking information may be incorrect. [C:\Users\ferni\OneDrive\Documentos\GitHub\SED_BAF\TRABAJO\TRABAJO.srcs\sources_1\new\Dec_3_8.vhd:]
WARNING: [filemgmt 56-199] Attempt to get parsing info during refresh. "On-the-fly" syntax checking information may be incorrect. [C:\Users\ferni\OneDrive\Documentos\GitHub\SED_BAF\TRABAJO\TRABAJO.srcs\sources_1\new\TOP_display.vhd:]
WARNING: [filemgmt 56-199] Attempt to get parsing info during refresh. "On-the-fly" syntax checking information may be incorrect. [C:\Users\ferni\OneDrive\Documentos\GitHub\SED_BAF\TRABAJO\TRABAJO.srcs\sources_1\new\Dec_3_8.vhd:]
WARNING: [filemgmt 56-199] Attempt to get parsing info during refresh. "On-the-fly" syntax checking information may be incorrect. [C:\Users\ferni\OneDrive\Documentos\GitHub\SED_BAF\TRABAJO\TRABAJO.srcs\sources_1\new\Dec_3_8.vhd:]
reset_run impl_1
ERROR: [Common 17-180] Spawn failed: No error
ERROR: [Common 17-39] 'reset_runs' failed due to earlier errors.
close [ open C:/Users/ferni/OneDrive/Documentos/GitHub/SED_BAF/TRABAJO/TRABAJO.srcs/sources_1/new/clock_divider.vhd w ]
add_files C:/Users/ferni/OneDrive/Documentos/GitHub/SED_BAF/TRABAJO/TRABAJO.srcs/sources_1/new/clock_divider.vhd
WARNING: [filemgmt 56-199] Attempt to get parsing info during refresh. "On-the-fly" syntax checking information may be incorrect. [C:\Users\ferni\OneDrive\Documentos\GitHub\SED_BAF\TRABAJO\TRABAJO.srcs\sources_1\new\Dec_3_8.vhd:]
WARNING: [filemgmt 56-199] Attempt to get parsing info during refresh. "On-the-fly" syntax checking information may be incorrect. [C:\Users\ferni\OneDrive\Documentos\GitHub\SED_BAF\TRABAJO\TRABAJO.srcs\sources_1\new\TOP_display.vhd:]
WARNING: [filemgmt 56-199] Attempt to get parsing info during refresh. "On-the-fly" syntax checking information may be incorrect. [C:\Users\ferni\OneDrive\Documentos\GitHub\SED_BAF\TRABAJO\TRABAJO.srcs\sources_1\new\Dec_3_8.vhd:]
WARNING: [filemgmt 56-199] Attempt to get parsing info during refresh. "On-the-fly" syntax checking information may be incorrect. [C:\Users\ferni\OneDrive\Documentos\GitHub\SED_BAF\TRABAJO\TRABAJO.srcs\sources_1\new\Dec_3_8.vhd:]
ERROR: [Common 17-180] Spawn failed: No error
WARNING: [filemgmt 56-199] Attempt to get parsing info during refresh. "On-the-fly" syntax checking information may be incorrect. [C:\Users\ferni\OneDrive\Documentos\GitHub\SED_BAF\TRABAJO\TRABAJO.srcs\sources_1\new\Dec_3_8.vhd:]
WARNING: [filemgmt 56-199] Attempt to get parsing info during refresh. "On-the-fly" syntax checking information may be incorrect. [C:\Users\ferni\OneDrive\Documentos\GitHub\SED_BAF\TRABAJO\TRABAJO.srcs\sources_1\new\TOP_display.vhd:]
WARNING: [filemgmt 56-199] Attempt to get parsing info during refresh. "On-the-fly" syntax checking information may be incorrect. [C:\Users\ferni\OneDrive\Documentos\GitHub\SED_BAF\TRABAJO\TRABAJO.srcs\sources_1\new\Dec_3_8.vhd:]
WARNING: [filemgmt 56-199] Attempt to get parsing info during refresh. "On-the-fly" syntax checking information may be incorrect. [C:\Users\ferni\OneDrive\Documentos\GitHub\SED_BAF\TRABAJO\TRABAJO.srcs\sources_1\new\Dec_3_8.vhd:]
ERROR: [Common 17-180] Spawn failed: No error
update_compile_order -fileset sources_1
WARNING: [filemgmt 56-199] Attempt to get parsing info during refresh. "On-the-fly" syntax checking information may be incorrect. [C:\Users\ferni\OneDrive\Documentos\GitHub\SED_BAF\TRABAJO\TRABAJO.srcs\sources_1\new\Dec_3_8.vhd:]
WARNING: [filemgmt 56-199] Attempt to get parsing info during refresh. "On-the-fly" syntax checking information may be incorrect. [C:\Users\ferni\OneDrive\Documentos\GitHub\SED_BAF\TRABAJO\TRABAJO.srcs\sources_1\new\TOP_display.vhd:]
WARNING: [filemgmt 56-199] Attempt to get parsing info during refresh. "On-the-fly" syntax checking information may be incorrect. [C:\Users\ferni\OneDrive\Documentos\GitHub\SED_BAF\TRABAJO\TRABAJO.srcs\sources_1\new\Dec_3_8.vhd:]
WARNING: [filemgmt 56-199] Attempt to get parsing info during refresh. "On-the-fly" syntax checking information may be incorrect. [C:\Users\ferni\OneDrive\Documentos\GitHub\SED_BAF\TRABAJO\TRABAJO.srcs\sources_1\new\Dec_3_8.vhd:]
ERROR: [Common 17-180] Spawn failed: No error
WARNING: [filemgmt 56-199] Attempt to get parsing info during refresh. "On-the-fly" syntax checking information may be incorrect. [C:\Users\ferni\OneDrive\Documentos\GitHub\SED_BAF\TRABAJO\TRABAJO.srcs\sources_1\new\Dec_3_8.vhd:]
WARNING: [filemgmt 56-199] Attempt to get parsing info during refresh. "On-the-fly" syntax checking information may be incorrect. [C:\Users\ferni\OneDrive\Documentos\GitHub\SED_BAF\TRABAJO\TRABAJO.srcs\sources_1\new\TOP_display.vhd:]
WARNING: [filemgmt 56-199] Attempt to get parsing info during refresh. "On-the-fly" syntax checking information may be incorrect. [C:\Users\ferni\OneDrive\Documentos\GitHub\SED_BAF\TRABAJO\TRABAJO.srcs\sources_1\new\clock_divider.vhd:]
WARNING: [filemgmt 56-199] Attempt to get parsing info during refresh. "On-the-fly" syntax checking information may be incorrect. [C:\Users\ferni\OneDrive\Documentos\GitHub\SED_BAF\TRABAJO\TRABAJO.srcs\sources_1\new\Dec_3_8.vhd:]
WARNING: [filemgmt 56-199] Attempt to get parsing info during refresh. "On-the-fly" syntax checking information may be incorrect. [C:\Users\ferni\OneDrive\Documentos\GitHub\SED_BAF\TRABAJO\TRABAJO.srcs\sources_1\new\Dec_3_8.vhd:]
WARNING: [filemgmt 56-199] Attempt to get parsing info during refresh. "On-the-fly" syntax checking information may be incorrect. [C:\Users\ferni\OneDrive\Documentos\GitHub\SED_BAF\TRABAJO\TRABAJO.srcs\sources_1\new\Dec_3_8.vhd:]
WARNING: [filemgmt 56-199] Attempt to get parsing info during refresh. "On-the-fly" syntax checking information may be incorrect. [C:\Users\ferni\OneDrive\Documentos\GitHub\SED_BAF\TRABAJO\TRABAJO.srcs\sources_1\new\TOP_display.vhd:]
WARNING: [filemgmt 56-199] Attempt to get parsing info during refresh. "On-the-fly" syntax checking information may be incorrect. [C:\Users\ferni\OneDrive\Documentos\GitHub\SED_BAF\TRABAJO\TRABAJO.srcs\sources_1\new\clock_divider.vhd:]
WARNING: [filemgmt 56-199] Attempt to get parsing info during refresh. "On-the-fly" syntax checking information may be incorrect. [C:\Users\ferni\OneDrive\Documentos\GitHub\SED_BAF\TRABAJO\TRABAJO.srcs\sources_1\new\clock_divider.vhd:]
WARNING: [filemgmt 56-199] Attempt to get parsing info during refresh. "On-the-fly" syntax checking information may be incorrect. [C:\Users\ferni\OneDrive\Documentos\GitHub\SED_BAF\TRABAJO\TRABAJO.srcs\sources_1\new\clock_divider.vhd:]
WARNING: [filemgmt 56-199] Attempt to get parsing info during refresh. "On-the-fly" syntax checking information may be incorrect. [C:\Users\ferni\OneDrive\Documentos\GitHub\SED_BAF\TRABAJO\TRABAJO.srcs\sources_1\new\Dec_3_8.vhd:]
WARNING: [filemgmt 56-199] Attempt to get parsing info during refresh. "On-the-fly" syntax checking information may be incorrect. [C:\Users\ferni\OneDrive\Documentos\GitHub\SED_BAF\TRABAJO\TRABAJO.srcs\sources_1\new\TOP_display.vhd:]
WARNING: [filemgmt 56-199] Attempt to get parsing info during refresh. "On-the-fly" syntax checking information may be incorrect. [C:\Users\ferni\OneDrive\Documentos\GitHub\SED_BAF\TRABAJO\TRABAJO.srcs\sources_1\new\clock_divider.vhd:]
WARNING: [filemgmt 56-199] Attempt to get parsing info during refresh. "On-the-fly" syntax checking information may be incorrect. [C:\Users\ferni\OneDrive\Documentos\GitHub\SED_BAF\TRABAJO\TRABAJO.srcs\sources_1\new\Dec_3_8.vhd:]
WARNING: [filemgmt 56-199] Attempt to get parsing info during refresh. "On-the-fly" syntax checking information may be incorrect. [C:\Users\ferni\OneDrive\Documentos\GitHub\SED_BAF\TRABAJO\TRABAJO.srcs\sources_1\new\Dec_3_8.vhd:]
WARNING: [filemgmt 56-199] Attempt to get parsing info during refresh. "On-the-fly" syntax checking information may be incorrect. [C:\Users\ferni\OneDrive\Documentos\GitHub\SED_BAF\TRABAJO\TRABAJO.srcs\sources_1\new\Dec_3_8.vhd:]
WARNING: [filemgmt 56-199] Attempt to get parsing info during refresh. "On-the-fly" syntax checking information may be incorrect. [C:\Users\ferni\OneDrive\Documentos\GitHub\SED_BAF\TRABAJO\TRABAJO.srcs\sources_1\new\TOP_display.vhd:]
WARNING: [filemgmt 56-199] Attempt to get parsing info during refresh. "On-the-fly" syntax checking information may be incorrect. [C:\Users\ferni\OneDrive\Documentos\GitHub\SED_BAF\TRABAJO\TRABAJO.srcs\sources_1\new\clock_divider.vhd:]
WARNING: [filemgmt 56-199] Attempt to get parsing info during refresh. "On-the-fly" syntax checking information may be incorrect. [C:\Users\ferni\OneDrive\Documentos\GitHub\SED_BAF\TRABAJO\TRABAJO.srcs\sources_1\new\clock_divider.vhd:]
WARNING: [filemgmt 56-199] Attempt to get parsing info during refresh. "On-the-fly" syntax checking information may be incorrect. [C:\Users\ferni\OneDrive\Documentos\GitHub\SED_BAF\TRABAJO\TRABAJO.srcs\sources_1\new\clock_divider.vhd:]
update_compile_order -fileset sources_1
WARNING: [filemgmt 56-199] Attempt to get parsing info during refresh. "On-the-fly" syntax checking information may be incorrect. [C:\Users\ferni\OneDrive\Documentos\GitHub\SED_BAF\TRABAJO\TRABAJO.srcs\sources_1\new\Dec_3_8.vhd:]
WARNING: [filemgmt 56-199] Attempt to get parsing info during refresh. "On-the-fly" syntax checking information may be incorrect. [C:\Users\ferni\OneDrive\Documentos\GitHub\SED_BAF\TRABAJO\TRABAJO.srcs\sources_1\new\TOP_display.vhd:]
WARNING: [filemgmt 56-199] Attempt to get parsing info during refresh. "On-the-fly" syntax checking information may be incorrect. [C:\Users\ferni\OneDrive\Documentos\GitHub\SED_BAF\TRABAJO\TRABAJO.srcs\sources_1\new\clock_divider.vhd:]
WARNING: [filemgmt 56-199] Attempt to get parsing info during refresh. "On-the-fly" syntax checking information may be incorrect. [C:\Users\ferni\OneDrive\Documentos\GitHub\SED_BAF\TRABAJO\TRABAJO.srcs\sources_1\new\Dec_3_8.vhd:]
WARNING: [filemgmt 56-199] Attempt to get parsing info during refresh. "On-the-fly" syntax checking information may be incorrect. [C:\Users\ferni\OneDrive\Documentos\GitHub\SED_BAF\TRABAJO\TRABAJO.srcs\sources_1\new\Dec_3_8.vhd:]
reset_run synth_1
INFO: [Project 1-1161] Replacing file C:/Users/ferni/OneDrive/Documentos/GitHub/SED_BAF/TRABAJO/TRABAJO.srcs/utils_1/imports/synth_1/TOP_display.dcp with file C:/Users/ferni/OneDrive/Documentos/GitHub/SED_BAF/TRABAJO/TRABAJO.runs/synth_1/TOP_display.dcp
WARNING: [Vivado 12-1017] Problems encountered:
1. Failed to delete one or more files in run directory C:/Users/ferni/OneDrive/Documentos/GitHub/SED_BAF/TRABAJO/TRABAJO.runs/synth_1

launch_runs impl_1 -to_step write_bitstream -jobs 16
[Mon Dec 16 13:57:41 2024] Launched synth_1...
Run output will be captured here: C:/Users/ferni/OneDrive/Documentos/GitHub/SED_BAF/TRABAJO/TRABAJO.runs/synth_1/runme.log
[Mon Dec 16 13:57:41 2024] Launched impl_1...
Run output will be captured here: C:/Users/ferni/OneDrive/Documentos/GitHub/SED_BAF/TRABAJO/TRABAJO.runs/impl_1/runme.log
WARNING: [filemgmt 56-199] Attempt to get parsing info during refresh. "On-the-fly" syntax checking information may be incorrect. [C:\Users\ferni\OneDrive\Documentos\GitHub\SED_BAF\TRABAJO\TRABAJO.srcs\sources_1\new\Dec_3_8.vhd:]
WARNING: [filemgmt 56-199] Attempt to get parsing info during refresh. "On-the-fly" syntax checking information may be incorrect. [C:\Users\ferni\OneDrive\Documentos\GitHub\SED_BAF\TRABAJO\TRABAJO.srcs\sources_1\new\TOP_display.vhd:]
WARNING: [filemgmt 56-199] Attempt to get parsing info during refresh. "On-the-fly" syntax checking information may be incorrect. [C:\Users\ferni\OneDrive\Documentos\GitHub\SED_BAF\TRABAJO\TRABAJO.srcs\sources_1\new\clock_divider.vhd:]
WARNING: [filemgmt 56-199] Attempt to get parsing info during refresh. "On-the-fly" syntax checking information may be incorrect. [C:\Users\ferni\OneDrive\Documentos\GitHub\SED_BAF\TRABAJO\TRABAJO.srcs\sources_1\new\Dec_3_8.vhd:]
WARNING: [filemgmt 56-199] Attempt to get parsing info during refresh. "On-the-fly" syntax checking information may be incorrect. [C:\Users\ferni\OneDrive\Documentos\GitHub\SED_BAF\TRABAJO\TRABAJO.srcs\sources_1\new\Dec_3_8.vhd:]
WARNING: [filemgmt 56-199] Attempt to get parsing info during refresh. "On-the-fly" syntax checking information may be incorrect. [C:\Users\ferni\OneDrive\Documentos\GitHub\SED_BAF\TRABAJO\TRABAJO.srcs\sources_1\new\Dec_3_8.vhd:]
WARNING: [filemgmt 56-199] Attempt to get parsing info during refresh. "On-the-fly" syntax checking information may be incorrect. [C:\Users\ferni\OneDrive\Documentos\GitHub\SED_BAF\TRABAJO\TRABAJO.srcs\sources_1\new\TOP_display.vhd:]
WARNING: [filemgmt 56-199] Attempt to get parsing info during refresh. "On-the-fly" syntax checking information may be incorrect. [C:\Users\ferni\OneDrive\Documentos\GitHub\SED_BAF\TRABAJO\TRABAJO.srcs\sources_1\new\clock_divider.vhd:]
WARNING: [filemgmt 56-199] Attempt to get parsing info during refresh. "On-the-fly" syntax checking information may be incorrect. [C:\Users\ferni\OneDrive\Documentos\GitHub\SED_BAF\TRABAJO\TRABAJO.srcs\sources_1\new\TOP_display.vhd:]
WARNING: [filemgmt 56-199] Attempt to get parsing info during refresh. "On-the-fly" syntax checking information may be incorrect. [C:\Users\ferni\OneDrive\Documentos\GitHub\SED_BAF\TRABAJO\TRABAJO.srcs\sources_1\new\TOP_display.vhd:]
set_property PROBES.FILE {} [get_hw_devices xc7a100t_0]
set_property FULL_PROBES.FILE {} [get_hw_devices xc7a100t_0]
set_property PROGRAM.FILE {C:/Users/ferni/OneDrive/Documentos/GitHub/SED_BAF/TRABAJO/TRABAJO.runs/impl_1/TOP_display.bit} [get_hw_devices xc7a100t_0]
program_hw_devices [get_hw_devices xc7a100t_0]
INFO: [Labtools 27-3164] End of startup status: HIGH
refresh_hw_device [lindex [get_hw_devices xc7a100t_0] 0]
INFO: [Labtools 27-1434] Device xc7a100t (JTAG device index = 0) is programmed with a design that has no supported debug core(s) in it.
close_sim
INFO: [Simtcl 6-16] Simulation closed
exit
INFO: [Common 17-206] Exiting Vivado at Mon Dec 16 14:01:25 2024...
