Copyright 1986-2022 Xilinx, Inc. All Rights Reserved. Copyright 2022-2024 Advanced Micro Devices, Inc. All Rights Reserved.
-------------------------------------------------------------------------------------------------------------------------------------------------
| Tool Version     : Vivado v.2024.1 (win64) Build 5076996 Wed May 22 18:37:14 MDT 2024
| Date             : Wed Dec 18 11:12:38 2024
| Host             : DESKTOP-49RGDTP running 64-bit major release  (build 9200)
| Command          : report_power -file SUPER_TOP_power_routed.rpt -pb SUPER_TOP_power_summary_routed.pb -rpx SUPER_TOP_power_routed.rpx
| Design           : SUPER_TOP
| Device           : xc7a100tcsg324-1
| Design State     : routed
| Grade            : commercial
| Process          : typical
| Characterization : Production
-------------------------------------------------------------------------------------------------------------------------------------------------

Power Report

Table of Contents
-----------------
1. Summary
1.1 On-Chip Components
1.2 Power Supply Summary
1.3 Confidence Level
2. Settings
2.1 Environment
2.2 Clock Constraints
3. Detailed Reports
3.1 By Hierarchy

1. Summary
----------

+--------------------------+----------------------------------+
| Total On-Chip Power (W)  | 33.039 (Junction temp exceeded!) |
| Design Power Budget (W)  | Unspecified*                     |
| Power Budget Margin (W)  | NA                               |
| Dynamic (W)              | 32.242                           |
| Device Static (W)        | 0.797                            |
| Effective TJA (C/W)      | 4.6                              |
| Max Ambient (C)          | 0.0                              |
| Junction Temperature (C) | 125.0                            |
| Confidence Level         | Low                              |
| Setting File             | ---                              |
| Simulation Activity File | ---                              |
| Design Nets Matched      | NA                               |
+--------------------------+----------------------------------+
* Specify Design Power Budget using, set_operating_conditions -design_power_budget <value in Watts>


1.1 On-Chip Components
----------------------

+-------------------------+-----------+----------+-----------+-----------------+
| On-Chip                 | Power (W) | Used     | Available | Utilization (%) |
+-------------------------+-----------+----------+-----------+-----------------+
| Slice Logic             |     1.497 |      811 |       --- |             --- |
|   LUT as Logic          |     1.293 |      384 |     63400 |            0.61 |
|   CARRY4                |     0.110 |       20 |     15850 |            0.13 |
|   Register              |     0.075 |      249 |    126800 |            0.20 |
|   LUT as Shift Register |     0.008 |        5 |     19000 |            0.03 |
|   F7/F8 Muxes           |     0.006 |        3 |     63400 |           <0.01 |
|   BUFG                  |     0.006 |        1 |        32 |            3.13 |
|   Others                |     0.000 |       47 |       --- |             --- |
| Signals                 |     1.557 |      557 |       --- |             --- |
| I/O                     |    29.189 |       22 |       210 |           10.48 |
| Static Power            |     0.797 |          |           |                 |
| Total                   |    33.039 |          |           |                 |
+-------------------------+-----------+----------+-----------+-----------------+


1.2 Power Supply Summary
------------------------

+-----------+-------------+-----------+-------------+------------+-------------+-------------+------------+
| Source    | Voltage (V) | Total (A) | Dynamic (A) | Static (A) | Powerup (A) | Budget (A)  | Margin (A) |
+-----------+-------------+-----------+-------------+------------+-------------+-------------+------------+
| Vccint    |       1.000 |     3.637 |       3.074 |      0.563 |       NA    | Unspecified | NA         |
| Vccaux    |       1.800 |     1.162 |       1.069 |      0.093 |       NA    | Unspecified | NA         |
| Vcco33    |       3.300 |     8.260 |       8.256 |      0.004 |       NA    | Unspecified | NA         |
| Vcco25    |       2.500 |     0.000 |       0.000 |      0.000 |       NA    | Unspecified | NA         |
| Vcco18    |       1.800 |     0.000 |       0.000 |      0.000 |       NA    | Unspecified | NA         |
| Vcco15    |       1.500 |     0.000 |       0.000 |      0.000 |       NA    | Unspecified | NA         |
| Vcco135   |       1.350 |     0.000 |       0.000 |      0.000 |       NA    | Unspecified | NA         |
| Vcco12    |       1.200 |     0.000 |       0.000 |      0.000 |       NA    | Unspecified | NA         |
| Vccaux_io |       1.800 |     0.000 |       0.000 |      0.000 |       NA    | Unspecified | NA         |
| Vccbram   |       1.000 |     0.018 |       0.000 |      0.018 |       NA    | Unspecified | NA         |
| MGTAVcc   |       1.000 |     0.000 |       0.000 |      0.000 |       NA    | Unspecified | NA         |
| MGTAVtt   |       1.200 |     0.000 |       0.000 |      0.000 |       NA    | Unspecified | NA         |
| Vccadc    |       1.800 |     0.020 |       0.000 |      0.020 |       NA    | Unspecified | NA         |
+-----------+-------------+-----------+-------------+------------+-------------+-------------+------------+


1.3 Confidence Level
--------------------

+-----------------------------+------------+--------------------------------------------------------+--------------------------------------------------------------------------------------------------------------------+
| User Input Data             | Confidence | Details                                                | Action                                                                                                             |
+-----------------------------+------------+--------------------------------------------------------+--------------------------------------------------------------------------------------------------------------------+
| Design implementation state | High       | Design is routed                                       |                                                                                                                    |
| Clock nodes activity        | Low        | User specified less than 75% of clocks                 | Provide missing clock activity with a constraint file, simulation results or by editing the "By Clock Domain" view |
| I/O nodes activity          | Low        | More than 75% of inputs are missing user specification | Provide missing input activity with simulation results or by editing the "By Resource Type -> I/Os" view           |
| Internal nodes activity     | Medium     | User specified less than 25% of internal nodes         | Provide missing internal nodes activity with simulation results or by editing the "By Resource Type" views         |
| Device models               | High       | Device models are Production                           |                                                                                                                    |
|                             |            |                                                        |                                                                                                                    |
| Overall confidence level    | Low        |                                                        |                                                                                                                    |
+-----------------------------+------------+--------------------------------------------------------+--------------------------------------------------------------------------------------------------------------------+


2. Settings
-----------

2.1 Environment
---------------

+-----------------------+--------------------------+
| Ambient Temp (C)      | 25.0                     |
| ThetaJA (C/W)         | 4.6                      |
| Airflow (LFM)         | 250                      |
| Heat Sink             | medium (Medium Profile)  |
| ThetaSA (C/W)         | 4.6                      |
| Board Selection       | medium (10"x10")         |
| # of Board Layers     | 12to15 (12 to 15 Layers) |
| Board Temperature (C) | 25.0                     |
+-----------------------+--------------------------+


2.2 Clock Constraints
---------------------

+-------+--------+-----------------+
| Clock | Domain | Constraint (ns) |
+-------+--------+-----------------+


3. Detailed Reports
-------------------

3.1 By Hierarchy
----------------

+------------------------+-----------+
| Name                   | Power (W) |
+------------------------+-----------+
| SUPER_TOP              |    32.242 |
|   U1                   |     1.741 |
|     u_DIGIT_FLASH      |     0.288 |
|       f_divider_inst   |     0.288 |
|     u_EDGEDTCTR_D      |     0.038 |
|     u_EDGEDTCTR_L      |     0.013 |
|     u_EDGEDTCTR_R      |     0.011 |
|     u_EDGEDTCTR_U      |     0.050 |
|     u_FSM              |     0.943 |
|     u_SYNCHRNZR_D      |     0.004 |
|     u_SYNCHRNZR_L      |     0.004 |
|     u_SYNCHRNZR_R      |     0.003 |
|     u_SYNCHRNZR_U      |     0.004 |
|     u_TIME_ADDER       |     0.382 |
|   U2                   |     0.517 |
|     clock_divider_inst |     0.158 |
|     contador_inst      |     0.358 |
|   U3                   |     0.758 |
|     Inst_counterdmin   |     0.006 |
|     Inst_counterdms    |     0.012 |
|     Inst_counterds     |     0.007 |
|     Inst_counterumin   |     0.006 |
|     Inst_counterums    |     0.006 |
|     Inst_counterus     |     0.007 |
|     Inst_fdivider      |     0.699 |
|     Inst_hour_counter  |     0.014 |
+------------------------+-----------+


